Analysis & Synthesis report for top
Wed Mar 28 20:58:38 2018
Quartus Prime Version 17.1.1 Internal Build 593 12/11/2017 SJ Lite Edition


---------------------
; Table of Contents ;
---------------------
  1. Legal Notice
  2. Analysis & Synthesis Summary
  3. Analysis & Synthesis Settings
  4. Parallel Compilation
  5. Analysis & Synthesis Source Files Read
  6. Analysis & Synthesis Resource Usage Summary
  7. Analysis & Synthesis Resource Utilization by Entity
  8. Registers Removed During Synthesis
  9. General Register Statistics
 10. Multiplexer Restructuring Statistics (Restructuring Performed)
 11. Port Connectivity Checks: "char_decoder:C5"
 12. Port Connectivity Checks: "clock_div_prec:cd|Dflipflop:D37"
 13. Post-Synthesis Netlist Statistics for Top Partition
 14. Elapsed Time Per Partition
 15. Analysis & Synthesis Messages



----------------
; Legal Notice ;
----------------
Copyright (C) 2017  Intel Corporation. All rights reserved.
Your use of Intel Corporation's design tools, logic functions 
and other software and tools, and its AMPP partner logic 
functions, and any output files from any of the foregoing 
(including device programming or simulation files), and any 
associated documentation or information are expressly subject 
to the terms and conditions of the Intel Program License 
Subscription Agreement, the Intel Quartus Prime License Agreement,
the Intel FPGA IP License Agreement, or other applicable license
agreement, including, without limitation, that your use is for
the sole purpose of programming logic devices manufactured by
Intel and sold by Intel or its authorized distributors.  Please
refer to the applicable agreement for further details.



+----------------------------------------------------------------------------------------+
; Analysis & Synthesis Summary                                                           ;
+---------------------------------+------------------------------------------------------+
; Analysis & Synthesis Status     ; Successful - Wed Mar 28 20:58:38 2018                ;
; Quartus Prime Version           ; 17.1.1 Internal Build 593 12/11/2017 SJ Lite Edition ;
; Revision Name                   ; top                                                  ;
; Top-level Entity Name           ; top                                                  ;
; Family                          ; Cyclone V                                            ;
; Logic utilization (in ALMs)     ; N/A                                                  ;
; Total registers                 ; 37                                                   ;
; Total pins                      ; 73                                                   ;
; Total virtual pins              ; 0                                                    ;
; Total block memory bits         ; 0                                                    ;
; Total DSP Blocks                ; 0                                                    ;
; Total HSSI RX PCSs              ; 0                                                    ;
; Total HSSI PMA RX Deserializers ; 0                                                    ;
; Total HSSI TX PCSs              ; 0                                                    ;
; Total HSSI PMA TX Serializers   ; 0                                                    ;
; Total PLLs                      ; 0                                                    ;
; Total DLLs                      ; 0                                                    ;
+---------------------------------+------------------------------------------------------+


+---------------------------------------------------------------------------------------------------------------------------+
; Analysis & Synthesis Settings                                                                                             ;
+---------------------------------------------------------------------------------+--------------------+--------------------+
; Option                                                                          ; Setting            ; Default Value      ;
+---------------------------------------------------------------------------------+--------------------+--------------------+
; Device                                                                          ; 5CEBA4F23C7        ;                    ;
; Top-level entity name                                                           ; top                ; top                ;
; Family name                                                                     ; Cyclone V          ; Cyclone V          ;
; Use smart compilation                                                           ; Off                ; Off                ;
; Enable parallel Assembler and TimeQuest Timing Analyzer during compilation      ; On                 ; On                 ;
; Enable compact report table                                                     ; Off                ; Off                ;
; Restructure Multiplexers                                                        ; Auto               ; Auto               ;
; MLAB Add Timing Constraints For Mixed-Port Feed-Through Mode Setting Don't Care ; Off                ; Off                ;
; Create Debugging Nodes for IP Cores                                             ; Off                ; Off                ;
; Preserve fewer node names                                                       ; On                 ; On                 ;
; Intel FPGA IP Evaluation Mode                                                   ; Enable             ; Enable             ;
; Verilog Version                                                                 ; Verilog_2001       ; Verilog_2001       ;
; VHDL Version                                                                    ; VHDL_1993          ; VHDL_1993          ;
; State Machine Processing                                                        ; Auto               ; Auto               ;
; Safe State Machine                                                              ; Off                ; Off                ;
; Extract Verilog State Machines                                                  ; On                 ; On                 ;
; Extract VHDL State Machines                                                     ; On                 ; On                 ;
; Ignore Verilog initial constructs                                               ; Off                ; Off                ;
; Iteration limit for constant Verilog loops                                      ; 5000               ; 5000               ;
; Iteration limit for non-constant Verilog loops                                  ; 250                ; 250                ;
; Add Pass-Through Logic to Inferred RAMs                                         ; On                 ; On                 ;
; Infer RAMs from Raw Logic                                                       ; On                 ; On                 ;
; Parallel Synthesis                                                              ; On                 ; On                 ;
; DSP Block Balancing                                                             ; Auto               ; Auto               ;
; NOT Gate Push-Back                                                              ; On                 ; On                 ;
; Power-Up Don't Care                                                             ; On                 ; On                 ;
; Remove Redundant Logic Cells                                                    ; Off                ; Off                ;
; Remove Duplicate Registers                                                      ; On                 ; On                 ;
; Ignore CARRY Buffers                                                            ; Off                ; Off                ;
; Ignore CASCADE Buffers                                                          ; Off                ; Off                ;
; Ignore GLOBAL Buffers                                                           ; Off                ; Off                ;
; Ignore ROW GLOBAL Buffers                                                       ; Off                ; Off                ;
; Ignore LCELL Buffers                                                            ; Off                ; Off                ;
; Ignore SOFT Buffers                                                             ; On                 ; On                 ;
; Limit AHDL Integers to 32 Bits                                                  ; Off                ; Off                ;
; Optimization Technique                                                          ; Balanced           ; Balanced           ;
; Carry Chain Length                                                              ; 70                 ; 70                 ;
; Auto Carry Chains                                                               ; On                 ; On                 ;
; Auto Open-Drain Pins                                                            ; On                 ; On                 ;
; Perform WYSIWYG Primitive Resynthesis                                           ; Off                ; Off                ;
; Auto ROM Replacement                                                            ; On                 ; On                 ;
; Auto RAM Replacement                                                            ; On                 ; On                 ;
; Auto DSP Block Replacement                                                      ; On                 ; On                 ;
; Auto Shift Register Replacement                                                 ; Auto               ; Auto               ;
; Allow Shift Register Merging across Hierarchies                                 ; Auto               ; Auto               ;
; Auto Clock Enable Replacement                                                   ; On                 ; On                 ;
; Strict RAM Replacement                                                          ; Off                ; Off                ;
; Allow Synchronous Control Signals                                               ; On                 ; On                 ;
; Force Use of Synchronous Clear Signals                                          ; Off                ; Off                ;
; Auto Resource Sharing                                                           ; Off                ; Off                ;
; Allow Any RAM Size For Recognition                                              ; Off                ; Off                ;
; Allow Any ROM Size For Recognition                                              ; Off                ; Off                ;
; Allow Any Shift Register Size For Recognition                                   ; Off                ; Off                ;
; Use LogicLock Constraints during Resource Balancing                             ; On                 ; On                 ;
; Ignore translate_off and synthesis_off directives                               ; Off                ; Off                ;
; Timing-Driven Synthesis                                                         ; On                 ; On                 ;
; Report Parameter Settings                                                       ; On                 ; On                 ;
; Report Source Assignments                                                       ; On                 ; On                 ;
; Report Connectivity Checks                                                      ; On                 ; On                 ;
; Ignore Maximum Fan-Out Assignments                                              ; Off                ; Off                ;
; Synchronization Register Chain Length                                           ; 3                  ; 3                  ;
; Power Optimization During Synthesis                                             ; Normal compilation ; Normal compilation ;
; HDL message level                                                               ; Level2             ; Level2             ;
; Suppress Register Optimization Related Messages                                 ; Off                ; Off                ;
; Number of Removed Registers Reported in Synthesis Report                        ; 5000               ; 5000               ;
; Number of Swept Nodes Reported in Synthesis Report                              ; 5000               ; 5000               ;
; Number of Inverted Registers Reported in Synthesis Report                       ; 100                ; 100                ;
; Clock MUX Protection                                                            ; On                 ; On                 ;
; Auto Gated Clock Conversion                                                     ; Off                ; Off                ;
; Block Design Naming                                                             ; Auto               ; Auto               ;
; SDC constraint protection                                                       ; Off                ; Off                ;
; Synthesis Effort                                                                ; Auto               ; Auto               ;
; Shift Register Replacement - Allow Asynchronous Clear Signal                    ; On                 ; On                 ;
; Pre-Mapping Resynthesis Optimization                                            ; Off                ; Off                ;
; Analysis & Synthesis Message Level                                              ; Medium             ; Medium             ;
; Disable Register Merging Across Hierarchies                                     ; Auto               ; Auto               ;
; Resource Aware Inference For Block RAM                                          ; On                 ; On                 ;
; Automatic Parallel Synthesis                                                    ; On                 ; On                 ;
; Partial Reconfiguration Bitstream ID                                            ; Off                ; Off                ;
+---------------------------------------------------------------------------------+--------------------+--------------------+


+------------------------------------------+
; Parallel Compilation                     ;
+----------------------------+-------------+
; Processors                 ; Number      ;
+----------------------------+-------------+
; Number detected on machine ; 4           ;
; Maximum allowed            ; 2           ;
;                            ;             ;
; Average used               ; 1.00        ;
; Maximum used               ; 2           ;
;                            ;             ;
; Usage by Processor         ; % Time Used ;
;     Processor 1            ; 100.0%      ;
;     Processor 2            ;   0.0%      ;
+----------------------------+-------------+


+----------------------------------------------------------------------------------------------------------------------------------------------------+
; Analysis & Synthesis Source Files Read                                                                                                             ;
+----------------------------------+-----------------+-----------------+-------------------------------------------------------------------+---------+
; File Name with User-Entered Path ; Used in Netlist ; File Type       ; File Name with Absolute Path                                      ; Library ;
+----------------------------------+-----------------+-----------------+-------------------------------------------------------------------+---------+
; top.vhd                          ; yes             ; User VHDL File  ; C:/Users/mc_gr/Desktop/367/Lab_10p1_ROM_Memory/top.vhd            ;         ;
; dflipflop.vhd                    ; yes             ; User VHDL File  ; C:/Users/mc_gr/Desktop/367/Lab_10p1_ROM_Memory/dflipflop.vhd      ;         ;
; char_decoder.vhd                 ; yes             ; User VHDL File  ; C:/Users/mc_gr/Desktop/367/Lab_10p1_ROM_Memory/char_decoder.vhd   ;         ;
; rom_64x8_sync.vhd                ; yes             ; User VHDL File  ; C:/Users/mc_gr/Desktop/367/Lab_10p1_ROM_Memory/rom_64x8_sync.vhd  ;         ;
; clock_div_prec.vhd               ; yes             ; User VHDL File  ; C:/Users/mc_gr/Desktop/367/Lab_10p1_ROM_Memory/clock_div_prec.vhd ;         ;
+----------------------------------+-----------------+-----------------+-------------------------------------------------------------------+---------+


+-----------------------------------------------------------+
; Analysis & Synthesis Resource Usage Summary               ;
+---------------------------------------------+-------------+
; Resource                                    ; Usage       ;
+---------------------------------------------+-------------+
; Estimate of Logic utilization (ALMs needed) ; 49          ;
;                                             ;             ;
; Combinational ALUT usage for logic          ; 89          ;
;     -- 7 input functions                    ; 0           ;
;     -- 6 input functions                    ; 8           ;
;     -- 5 input functions                    ; 3           ;
;     -- 4 input functions                    ; 15          ;
;     -- <=3 input functions                  ; 63          ;
;                                             ;             ;
; Dedicated logic registers                   ; 37          ;
;                                             ;             ;
; I/O pins                                    ; 73          ;
;                                             ;             ;
; Total DSP Blocks                            ; 0           ;
;                                             ;             ;
; Maximum fan-out node                        ; Reset~input ;
; Maximum fan-out                             ; 33          ;
; Total fan-out                               ; 534         ;
; Average fan-out                             ; 1.96        ;
+---------------------------------------------+-------------+


+----------------------------------------------------------------------------------------------------------------------------------------------------------------------------------------------+
; Analysis & Synthesis Resource Utilization by Entity                                                                                                                                          ;
+----------------------------+---------------------+---------------------------+-------------------+------------+------+--------------+------------------------+----------------+--------------+
; Compilation Hierarchy Node ; Combinational ALUTs ; Dedicated Logic Registers ; Block Memory Bits ; DSP Blocks ; Pins ; Virtual Pins ; Full Hierarchy Name    ; Entity Name    ; Library Name ;
+----------------------------+---------------------+---------------------------+-------------------+------------+------+--------------+------------------------+----------------+--------------+
; |top                       ; 89 (6)              ; 37 (6)                    ; 0                 ; 0          ; 73   ; 0            ; |top                   ; top            ; work         ;
;    |char_decoder:C0|       ; 7 (7)               ; 0 (0)                     ; 0                 ; 0          ; 0    ; 0            ; |top|char_decoder:C0   ; char_decoder   ; work         ;
;    |char_decoder:C4|       ; 7 (7)               ; 0 (0)                     ; 0                 ; 0          ; 0    ; 0            ; |top|char_decoder:C4   ; char_decoder   ; work         ;
;    |char_decoder:C5|       ; 3 (3)               ; 0 (0)                     ; 0                 ; 0          ; 0    ; 0            ; |top|char_decoder:C5   ; char_decoder   ; work         ;
;    |clock_div_prec:cd|     ; 62 (62)             ; 27 (27)                   ; 0                 ; 0          ; 0    ; 0            ; |top|clock_div_prec:cd ; clock_div_prec ; work         ;
;    |rom_64x8_sync:CR|      ; 4 (4)               ; 4 (4)                     ; 0                 ; 0          ; 0    ; 0            ; |top|rom_64x8_sync:CR  ; rom_64x8_sync  ; work         ;
+----------------------------+---------------------+---------------------------+-------------------+------------+------+--------------+------------------------+----------------+--------------+
Note: For table entries with two numbers listed, the numbers in parentheses indicate the number of resources of the given type used by the specific entity alone. The numbers listed outside of parentheses indicate the total resources of the given type used by the specific entity and all of its sub-entities in the hierarchy.


+----------------------------------------------------------------------------------+
; Registers Removed During Synthesis                                               ;
+---------------------------------------+------------------------------------------+
; Register name                         ; Reason for Removal                       ;
+---------------------------------------+------------------------------------------+
; rom_64x8_sync:CR|data_out[4]          ; Merged with rom_64x8_sync:CR|data_out[0] ;
; rom_64x8_sync:CR|data_out[5]          ; Merged with rom_64x8_sync:CR|data_out[1] ;
; rom_64x8_sync:CR|data_out[6]          ; Merged with rom_64x8_sync:CR|data_out[2] ;
; rom_64x8_sync:CR|data_out[7]          ; Merged with rom_64x8_sync:CR|data_out[3] ;
; Total Number of Removed Registers = 4 ;                                          ;
+---------------------------------------+------------------------------------------+


+------------------------------------------------------+
; General Register Statistics                          ;
+----------------------------------------------+-------+
; Statistic                                    ; Value ;
+----------------------------------------------+-------+
; Total registers                              ; 37    ;
; Number of registers using Synchronous Clear  ; 26    ;
; Number of registers using Synchronous Load   ; 0     ;
; Number of registers using Asynchronous Clear ; 32    ;
; Number of registers using Asynchronous Load  ; 0     ;
; Number of registers using Clock Enable       ; 0     ;
; Number of registers using Preset             ; 0     ;
+----------------------------------------------+-------+


+----------------------------------------------------------------------------------------------------------------------------------------------------+
; Multiplexer Restructuring Statistics (Restructuring Performed)                                                                                     ;
+--------------------+-----------+---------------+----------------------+------------------------+------------+--------------------------------------+
; Multiplexer Inputs ; Bus Width ; Baseline Area ; Area if Restructured ; Saving if Restructured ; Registered ; Example Multiplexer Output           ;
+--------------------+-----------+---------------+----------------------+------------------------+------------+--------------------------------------+
; 3:1                ; 2 bits    ; 4 LEs         ; 4 LEs                ; 0 LEs                  ; No         ; |top|clock_div_prec:cd|max_count[17] ;
+--------------------+-----------+---------------+----------------------+------------------------+------------+--------------------------------------+


+------------------------------------------------+
; Port Connectivity Checks: "char_decoder:C5"    ;
+--------------+-------+----------+--------------+
; Port         ; Type  ; Severity ; Details      ;
+--------------+-------+----------+--------------+
; bin_in[3..2] ; Input ; Info     ; Stuck at GND ;
+--------------+-------+----------+--------------+


+----------------------------------------------------------------------------------------------------------------+
; Port Connectivity Checks: "clock_div_prec:cd|Dflipflop:D37"                                                    ;
+------+--------+----------+-------------------------------------------------------------------------------------+
; Port ; Type   ; Severity ; Details                                                                             ;
+------+--------+----------+-------------------------------------------------------------------------------------+
; qn   ; Output ; Info     ; Connected to dangling logic. Logic that only feeds a dangling port will be removed. ;
+------+--------+----------+-------------------------------------------------------------------------------------+


+-----------------------------------------------------+
; Post-Synthesis Netlist Statistics for Top Partition ;
+-----------------------+-----------------------------+
; Type                  ; Count                       ;
+-----------------------+-----------------------------+
; arriav_ff             ; 37                          ;
;     CLR               ; 6                           ;
;     CLR SCLR          ; 26                          ;
;     plain             ; 5                           ;
; arriav_lcell_comb     ; 94                          ;
;     arith             ; 52                          ;
;         0 data inputs ; 1                           ;
;         1 data inputs ; 30                          ;
;         2 data inputs ; 7                           ;
;         3 data inputs ; 14                          ;
;     normal            ; 42                          ;
;         0 data inputs ; 2                           ;
;         1 data inputs ; 4                           ;
;         2 data inputs ; 4                           ;
;         3 data inputs ; 6                           ;
;         4 data inputs ; 15                          ;
;         5 data inputs ; 3                           ;
;         6 data inputs ; 8                           ;
; boundary_port         ; 73                          ;
;                       ;                             ;
; Max LUT depth         ; 5.30                        ;
; Average LUT depth     ; 3.38                        ;
+-----------------------+-----------------------------+


+-------------------------------+
; Elapsed Time Per Partition    ;
+----------------+--------------+
; Partition Name ; Elapsed Time ;
+----------------+--------------+
; Top            ; 00:00:00     ;
+----------------+--------------+


+-------------------------------+
; Analysis & Synthesis Messages ;
+-------------------------------+
Info: *******************************************************************
Info: Running Quartus Prime Analysis & Synthesis
    Info: Version 17.1.1 Internal Build 593 12/11/2017 SJ Lite Edition
    Info: Processing started: Wed Mar 28 20:58:22 2018
Info: Command: quartus_map --read_settings_files=on --write_settings_files=off Lab_10p1_ROM_Memory -c top
Warning (18236): Number of processors has not been specified which may cause overloading on shared machines.  Set the global assignment NUM_PARALLEL_PROCESSORS in your QSF to an appropriate value for best performance.
Info (20030): Parallel compilation is enabled and will use 2 of the 2 processors detected
Info (12021): Found 2 design units, including 1 entities, in source file top.vhd
    Info (12022): Found design unit 1: top-top_arch File: C:/Users/mc_gr/Desktop/367/Lab_10p1_ROM_Memory/top.vhd Line: 20
    Info (12023): Found entity 1: top File: C:/Users/mc_gr/Desktop/367/Lab_10p1_ROM_Memory/top.vhd Line: 6
Info (12021): Found 2 design units, including 1 entities, in source file dflipflop.vhd
    Info (12022): Found design unit 1: Dflipflop-Dflipflop_arch File: C:/Users/mc_gr/Desktop/367/Lab_10p1_ROM_Memory/dflipflop.vhd Line: 11
    Info (12023): Found entity 1: Dflipflop File: C:/Users/mc_gr/Desktop/367/Lab_10p1_ROM_Memory/dflipflop.vhd Line: 4
Info (12021): Found 2 design units, including 1 entities, in source file char_decoder.vhd
    Info (12022): Found design unit 1: char_decoder-char_decoder_arch File: C:/Users/mc_gr/Desktop/367/Lab_10p1_ROM_Memory/char_decoder.vhd Line: 10
    Info (12023): Found entity 1: char_decoder File: C:/Users/mc_gr/Desktop/367/Lab_10p1_ROM_Memory/char_decoder.vhd Line: 4
Info (12021): Found 2 design units, including 1 entities, in source file clock_div_2ton.vhd
    Info (12022): Found design unit 1: clock_div_2ton-clock_div_2ton_arch File: C:/Users/mc_gr/Desktop/367/Lab_10p1_ROM_Memory/clock_div_2ton.vhd Line: 12
    Info (12023): Found entity 1: clock_div_2ton File: C:/Users/mc_gr/Desktop/367/Lab_10p1_ROM_Memory/clock_div_2ton.vhd Line: 5
Warning (12019): Can't analyze file -- file output_files/clock_div_prec.vhd is missing
Info (12021): Found 2 design units, including 1 entities, in source file rom_64x8_sync.vhd
    Info (12022): Found design unit 1: rom_64x8_sync-rom_64x8_sync_arch File: C:/Users/mc_gr/Desktop/367/Lab_10p1_ROM_Memory/rom_64x8_sync.vhd Line: 14
    Info (12023): Found entity 1: rom_64x8_sync File: C:/Users/mc_gr/Desktop/367/Lab_10p1_ROM_Memory/rom_64x8_sync.vhd Line: 6
Info (12021): Found 2 design units, including 1 entities, in source file clock_div_prec.vhd
    Info (12022): Found design unit 1: clock_div_prec-clock_div_prec_arch File: C:/Users/mc_gr/Desktop/367/Lab_10p1_ROM_Memory/clock_div_prec.vhd Line: 12
    Info (12023): Found entity 1: clock_div_prec File: C:/Users/mc_gr/Desktop/367/Lab_10p1_ROM_Memory/clock_div_prec.vhd Line: 5
Info (12127): Elaborating entity "top" for the top level hierarchy
Warning (10873): Using initial value X (don't care) for net "LEDR[9..1]" at top.vhd(10) File: C:/Users/mc_gr/Desktop/367/Lab_10p1_ROM_Memory/top.vhd Line: 10
Info (12128): Elaborating entity "clock_div_prec" for hierarchy "clock_div_prec:cd" File: C:/Users/mc_gr/Desktop/367/Lab_10p1_ROM_Memory/top.vhd Line: 70
Warning (10492): VHDL Process Statement warning at clock_div_prec.vhd(79): signal "Sel" is read inside the Process Statement but isn't in the Process Statement's sensitivity list File: C:/Users/mc_gr/Desktop/367/Lab_10p1_ROM_Memory/clock_div_prec.vhd Line: 79
Warning (10492): VHDL Process Statement warning at clock_div_prec.vhd(81): signal "Sel" is read inside the Process Statement but isn't in the Process Statement's sensitivity list File: C:/Users/mc_gr/Desktop/367/Lab_10p1_ROM_Memory/clock_div_prec.vhd Line: 81
Warning (10492): VHDL Process Statement warning at clock_div_prec.vhd(83): signal "Sel" is read inside the Process Statement but isn't in the Process Statement's sensitivity list File: C:/Users/mc_gr/Desktop/367/Lab_10p1_ROM_Memory/clock_div_prec.vhd Line: 83
Warning (10492): VHDL Process Statement warning at clock_div_prec.vhd(85): signal "Sel" is read inside the Process Statement but isn't in the Process Statement's sensitivity list File: C:/Users/mc_gr/Desktop/367/Lab_10p1_ROM_Memory/clock_div_prec.vhd Line: 85
Warning (10492): VHDL Process Statement warning at clock_div_prec.vhd(96): signal "max_count" is read inside the Process Statement but isn't in the Process Statement's sensitivity list File: C:/Users/mc_gr/Desktop/367/Lab_10p1_ROM_Memory/clock_div_prec.vhd Line: 96
Warning (10492): VHDL Process Statement warning at clock_div_prec.vhd(96): signal "Count" is read inside the Process Statement but isn't in the Process Statement's sensitivity list File: C:/Users/mc_gr/Desktop/367/Lab_10p1_ROM_Memory/clock_div_prec.vhd Line: 96
Info (12128): Elaborating entity "Dflipflop" for hierarchy "clock_div_prec:cd|Dflipflop:D0" File: C:/Users/mc_gr/Desktop/367/Lab_10p1_ROM_Memory/clock_div_prec.vhd Line: 33
Info (12128): Elaborating entity "char_decoder" for hierarchy "char_decoder:C0" File: C:/Users/mc_gr/Desktop/367/Lab_10p1_ROM_Memory/top.vhd Line: 72
Info (12128): Elaborating entity "rom_64x8_sync" for hierarchy "rom_64x8_sync:CR" File: C:/Users/mc_gr/Desktop/367/Lab_10p1_ROM_Memory/top.vhd Line: 82
Warning (13024): Output pins are stuck at VCC or GND
    Warning (13410): Pin "LEDR[1]" is stuck at GND File: C:/Users/mc_gr/Desktop/367/Lab_10p1_ROM_Memory/top.vhd Line: 10
    Warning (13410): Pin "LEDR[2]" is stuck at GND File: C:/Users/mc_gr/Desktop/367/Lab_10p1_ROM_Memory/top.vhd Line: 10
    Warning (13410): Pin "LEDR[3]" is stuck at GND File: C:/Users/mc_gr/Desktop/367/Lab_10p1_ROM_Memory/top.vhd Line: 10
    Warning (13410): Pin "LEDR[4]" is stuck at GND File: C:/Users/mc_gr/Desktop/367/Lab_10p1_ROM_Memory/top.vhd Line: 10
    Warning (13410): Pin "LEDR[5]" is stuck at GND File: C:/Users/mc_gr/Desktop/367/Lab_10p1_ROM_Memory/top.vhd Line: 10
    Warning (13410): Pin "LEDR[6]" is stuck at GND File: C:/Users/mc_gr/Desktop/367/Lab_10p1_ROM_Memory/top.vhd Line: 10
    Warning (13410): Pin "LEDR[7]" is stuck at GND File: C:/Users/mc_gr/Desktop/367/Lab_10p1_ROM_Memory/top.vhd Line: 10
    Warning (13410): Pin "LEDR[8]" is stuck at GND File: C:/Users/mc_gr/Desktop/367/Lab_10p1_ROM_Memory/top.vhd Line: 10
    Warning (13410): Pin "LEDR[9]" is stuck at GND File: C:/Users/mc_gr/Desktop/367/Lab_10p1_ROM_Memory/top.vhd Line: 10
    Warning (13410): Pin "HEX2[0]" is stuck at VCC File: C:/Users/mc_gr/Desktop/367/Lab_10p1_ROM_Memory/top.vhd Line: 13
    Warning (13410): Pin "HEX2[1]" is stuck at VCC File: C:/Users/mc_gr/Desktop/367/Lab_10p1_ROM_Memory/top.vhd Line: 13
    Warning (13410): Pin "HEX2[2]" is stuck at VCC File: C:/Users/mc_gr/Desktop/367/Lab_10p1_ROM_Memory/top.vhd Line: 13
    Warning (13410): Pin "HEX2[3]" is stuck at VCC File: C:/Users/mc_gr/Desktop/367/Lab_10p1_ROM_Memory/top.vhd Line: 13
    Warning (13410): Pin "HEX2[4]" is stuck at VCC File: C:/Users/mc_gr/Desktop/367/Lab_10p1_ROM_Memory/top.vhd Line: 13
    Warning (13410): Pin "HEX2[5]" is stuck at VCC File: C:/Users/mc_gr/Desktop/367/Lab_10p1_ROM_Memory/top.vhd Line: 13
    Warning (13410): Pin "HEX2[6]" is stuck at VCC File: C:/Users/mc_gr/Desktop/367/Lab_10p1_ROM_Memory/top.vhd Line: 13
    Warning (13410): Pin "HEX3[0]" is stuck at VCC File: C:/Users/mc_gr/Desktop/367/Lab_10p1_ROM_Memory/top.vhd Line: 14
    Warning (13410): Pin "HEX3[1]" is stuck at VCC File: C:/Users/mc_gr/Desktop/367/Lab_10p1_ROM_Memory/top.vhd Line: 14
    Warning (13410): Pin "HEX3[2]" is stuck at VCC File: C:/Users/mc_gr/Desktop/367/Lab_10p1_ROM_Memory/top.vhd Line: 14
    Warning (13410): Pin "HEX3[3]" is stuck at VCC File: C:/Users/mc_gr/Desktop/367/Lab_10p1_ROM_Memory/top.vhd Line: 14
    Warning (13410): Pin "HEX3[4]" is stuck at VCC File: C:/Users/mc_gr/Desktop/367/Lab_10p1_ROM_Memory/top.vhd Line: 14
    Warning (13410): Pin "HEX3[5]" is stuck at VCC File: C:/Users/mc_gr/Desktop/367/Lab_10p1_ROM_Memory/top.vhd Line: 14
    Warning (13410): Pin "HEX3[6]" is stuck at VCC File: C:/Users/mc_gr/Desktop/367/Lab_10p1_ROM_Memory/top.vhd Line: 14
    Warning (13410): Pin "HEX5[1]" is stuck at GND File: C:/Users/mc_gr/Desktop/367/Lab_10p1_ROM_Memory/top.vhd Line: 16
Info (286030): Timing-Driven Synthesis is running
Info (16010): Generating hard_block partition "hard_block:auto_generated_inst"
    Info (16011): Adding 0 node(s), including 0 DDIO, 0 PLL, 0 transceiver and 0 LCELL
Warning (21074): Design contains 2 input pin(s) that do not drive logic
    Warning (15610): No output dependent on input pin "SW[2]" File: C:/Users/mc_gr/Desktop/367/Lab_10p1_ROM_Memory/top.vhd Line: 9
    Warning (15610): No output dependent on input pin "SW[3]" File: C:/Users/mc_gr/Desktop/367/Lab_10p1_ROM_Memory/top.vhd Line: 9
Info (21057): Implemented 162 device resources after synthesis - the final resource count might be different
    Info (21058): Implemented 6 input pins
    Info (21059): Implemented 67 output pins
    Info (21061): Implemented 89 logic cells
Info: Quartus Prime Analysis & Synthesis was successful. 0 errors, 37 warnings
    Info: Peak virtual memory: 776 megabytes
    Info: Processing ended: Wed Mar 28 20:58:38 2018
    Info: Elapsed time: 00:00:16
    Info: Total CPU time (on all processors): 00:00:33


