Analysis & Synthesis report for top
Wed Feb 21 15:16:51 2018
Quartus Prime Version 17.1.0 Build 590 10/25/2017 SJ Lite Edition


---------------------
; Table of Contents ;
---------------------
  1. Legal Notice
  2. Analysis & Synthesis Summary
  3. Analysis & Synthesis Settings
  4. Parallel Compilation
  5. Analysis & Synthesis Source Files Read
  6. Analysis & Synthesis Resource Usage Summary
  7. Analysis & Synthesis Resource Utilization by Entity
  8. Registers Removed During Synthesis
  9. Removed Registers Triggering Further Register Optimizations
 10. General Register Statistics
 11. Port Connectivity Checks: "Dflipflop:D37"
 12. Post-Synthesis Netlist Statistics for Top Partition
 13. Elapsed Time Per Partition
 14. Analysis & Synthesis Messages



----------------
; Legal Notice ;
----------------
Copyright (C) 2017  Intel Corporation. All rights reserved.
Your use of Intel Corporation's design tools, logic functions 
and other software and tools, and its AMPP partner logic 
functions, and any output files from any of the foregoing 
(including device programming or simulation files), and any 
associated documentation or information are expressly subject 
to the terms and conditions of the Intel Program License 
Subscription Agreement, the Intel Quartus Prime License Agreement,
the Intel FPGA IP License Agreement, or other applicable license
agreement, including, without limitation, that your use is for
the sole purpose of programming logic devices manufactured by
Intel and sold by Intel or its authorized distributors.  Please
refer to the applicable agreement for further details.



+-------------------------------------------------------------------------------+
; Analysis & Synthesis Summary                                                  ;
+---------------------------------+---------------------------------------------+
; Analysis & Synthesis Status     ; Successful - Wed Feb 21 15:16:51 2018       ;
; Quartus Prime Version           ; 17.1.0 Build 590 10/25/2017 SJ Lite Edition ;
; Revision Name                   ; top                                         ;
; Top-level Entity Name           ; top                                         ;
; Family                          ; Cyclone V                                   ;
; Logic utilization (in ALMs)     ; N/A                                         ;
; Total registers                 ; 0                                           ;
; Total pins                      ; 66                                          ;
; Total virtual pins              ; 0                                           ;
; Total block memory bits         ; 0                                           ;
; Total DSP Blocks                ; 0                                           ;
; Total HSSI RX PCSs              ; 0                                           ;
; Total HSSI PMA RX Deserializers ; 0                                           ;
; Total HSSI TX PCSs              ; 0                                           ;
; Total HSSI PMA TX Serializers   ; 0                                           ;
; Total PLLs                      ; 0                                           ;
; Total DLLs                      ; 0                                           ;
+---------------------------------+---------------------------------------------+


+---------------------------------------------------------------------------------------------------------------------------+
; Analysis & Synthesis Settings                                                                                             ;
+---------------------------------------------------------------------------------+--------------------+--------------------+
; Option                                                                          ; Setting            ; Default Value      ;
+---------------------------------------------------------------------------------+--------------------+--------------------+
; Device                                                                          ; 5CEBA4F23C7        ;                    ;
; Top-level entity name                                                           ; top                ; top                ;
; Family name                                                                     ; Cyclone V          ; Cyclone V          ;
; Use smart compilation                                                           ; Off                ; Off                ;
; Enable parallel Assembler and TimeQuest Timing Analyzer during compilation      ; On                 ; On                 ;
; Enable compact report table                                                     ; Off                ; Off                ;
; Restructure Multiplexers                                                        ; Auto               ; Auto               ;
; MLAB Add Timing Constraints For Mixed-Port Feed-Through Mode Setting Don't Care ; Off                ; Off                ;
; Create Debugging Nodes for IP Cores                                             ; Off                ; Off                ;
; Preserve fewer node names                                                       ; On                 ; On                 ;
; Intel FPGA IP Evaluation Mode                                                   ; Enable             ; Enable             ;
; Verilog Version                                                                 ; Verilog_2001       ; Verilog_2001       ;
; VHDL Version                                                                    ; VHDL_1993          ; VHDL_1993          ;
; State Machine Processing                                                        ; Auto               ; Auto               ;
; Safe State Machine                                                              ; Off                ; Off                ;
; Extract Verilog State Machines                                                  ; On                 ; On                 ;
; Extract VHDL State Machines                                                     ; On                 ; On                 ;
; Ignore Verilog initial constructs                                               ; Off                ; Off                ;
; Iteration limit for constant Verilog loops                                      ; 5000               ; 5000               ;
; Iteration limit for non-constant Verilog loops                                  ; 250                ; 250                ;
; Add Pass-Through Logic to Inferred RAMs                                         ; On                 ; On                 ;
; Infer RAMs from Raw Logic                                                       ; On                 ; On                 ;
; Parallel Synthesis                                                              ; On                 ; On                 ;
; DSP Block Balancing                                                             ; Auto               ; Auto               ;
; NOT Gate Push-Back                                                              ; On                 ; On                 ;
; Power-Up Don't Care                                                             ; On                 ; On                 ;
; Remove Redundant Logic Cells                                                    ; Off                ; Off                ;
; Remove Duplicate Registers                                                      ; On                 ; On                 ;
; Ignore CARRY Buffers                                                            ; Off                ; Off                ;
; Ignore CASCADE Buffers                                                          ; Off                ; Off                ;
; Ignore GLOBAL Buffers                                                           ; Off                ; Off                ;
; Ignore ROW GLOBAL Buffers                                                       ; Off                ; Off                ;
; Ignore LCELL Buffers                                                            ; Off                ; Off                ;
; Ignore SOFT Buffers                                                             ; On                 ; On                 ;
; Limit AHDL Integers to 32 Bits                                                  ; Off                ; Off                ;
; Optimization Technique                                                          ; Balanced           ; Balanced           ;
; Carry Chain Length                                                              ; 70                 ; 70                 ;
; Auto Carry Chains                                                               ; On                 ; On                 ;
; Auto Open-Drain Pins                                                            ; On                 ; On                 ;
; Perform WYSIWYG Primitive Resynthesis                                           ; Off                ; Off                ;
; Auto ROM Replacement                                                            ; On                 ; On                 ;
; Auto RAM Replacement                                                            ; On                 ; On                 ;
; Auto DSP Block Replacement                                                      ; On                 ; On                 ;
; Auto Shift Register Replacement                                                 ; Auto               ; Auto               ;
; Allow Shift Register Merging across Hierarchies                                 ; Auto               ; Auto               ;
; Auto Clock Enable Replacement                                                   ; On                 ; On                 ;
; Strict RAM Replacement                                                          ; Off                ; Off                ;
; Allow Synchronous Control Signals                                               ; On                 ; On                 ;
; Force Use of Synchronous Clear Signals                                          ; Off                ; Off                ;
; Auto Resource Sharing                                                           ; Off                ; Off                ;
; Allow Any RAM Size For Recognition                                              ; Off                ; Off                ;
; Allow Any ROM Size For Recognition                                              ; Off                ; Off                ;
; Allow Any Shift Register Size For Recognition                                   ; Off                ; Off                ;
; Use LogicLock Constraints during Resource Balancing                             ; On                 ; On                 ;
; Ignore translate_off and synthesis_off directives                               ; Off                ; Off                ;
; Timing-Driven Synthesis                                                         ; On                 ; On                 ;
; Report Parameter Settings                                                       ; On                 ; On                 ;
; Report Source Assignments                                                       ; On                 ; On                 ;
; Report Connectivity Checks                                                      ; On                 ; On                 ;
; Ignore Maximum Fan-Out Assignments                                              ; Off                ; Off                ;
; Synchronization Register Chain Length                                           ; 3                  ; 3                  ;
; Power Optimization During Synthesis                                             ; Normal compilation ; Normal compilation ;
; HDL message level                                                               ; Level2             ; Level2             ;
; Suppress Register Optimization Related Messages                                 ; Off                ; Off                ;
; Number of Removed Registers Reported in Synthesis Report                        ; 5000               ; 5000               ;
; Number of Swept Nodes Reported in Synthesis Report                              ; 5000               ; 5000               ;
; Number of Inverted Registers Reported in Synthesis Report                       ; 100                ; 100                ;
; Clock MUX Protection                                                            ; On                 ; On                 ;
; Auto Gated Clock Conversion                                                     ; Off                ; Off                ;
; Block Design Naming                                                             ; Auto               ; Auto               ;
; SDC constraint protection                                                       ; Off                ; Off                ;
; Synthesis Effort                                                                ; Auto               ; Auto               ;
; Shift Register Replacement - Allow Asynchronous Clear Signal                    ; On                 ; On                 ;
; Pre-Mapping Resynthesis Optimization                                            ; Off                ; Off                ;
; Analysis & Synthesis Message Level                                              ; Medium             ; Medium             ;
; Disable Register Merging Across Hierarchies                                     ; Auto               ; Auto               ;
; Resource Aware Inference For Block RAM                                          ; On                 ; On                 ;
; Automatic Parallel Synthesis                                                    ; On                 ; On                 ;
; Partial Reconfiguration Bitstream ID                                            ; Off                ; Off                ;
+---------------------------------------------------------------------------------+--------------------+--------------------+


+------------------------------------------+
; Parallel Compilation                     ;
+----------------------------+-------------+
; Processors                 ; Number      ;
+----------------------------+-------------+
; Number detected on machine ; 4           ;
; Maximum allowed            ; 2           ;
;                            ;             ;
; Average used               ; 1.00        ;
; Maximum used               ; 2           ;
;                            ;             ;
; Usage by Processor         ; % Time Used ;
;     Processor 1            ; 100.0%      ;
;     Processor 2            ;   0.0%      ;
+----------------------------+-------------+


+--------------------------------------------------------------------------------------------------------------------------------------+
; Analysis & Synthesis Source Files Read                                                                                               ;
+----------------------------------+-----------------+-----------------+-----------------------------------------------------+---------+
; File Name with User-Entered Path ; Used in Netlist ; File Type       ; File Name with Absolute Path                        ; Library ;
+----------------------------------+-----------------+-----------------+-----------------------------------------------------+---------+
; top.vhd                          ; yes             ; User VHDL File  ; C:/Users/mc_gr/Desktop/367/9.1_lab/top.vhd          ;         ;
; dflipflop.vhd                    ; yes             ; User VHDL File  ; C:/Users/mc_gr/Desktop/367/9.1_lab/dflipflop.vhd    ;         ;
; char_decoder.vhd                 ; yes             ; User VHDL File  ; C:/Users/mc_gr/Desktop/367/9.1_lab/char_decoder.vhd ;         ;
+----------------------------------+-----------------+-----------------+-----------------------------------------------------+---------+


+-----------------------------------------------------+
; Analysis & Synthesis Resource Usage Summary         ;
+---------------------------------------------+-------+
; Resource                                    ; Usage ;
+---------------------------------------------+-------+
; Estimate of Logic utilization (ALMs needed) ; 0     ;
;                                             ;       ;
; Combinational ALUT usage for logic          ; 0     ;
;     -- 7 input functions                    ; 0     ;
;     -- 6 input functions                    ; 0     ;
;     -- 5 input functions                    ; 0     ;
;     -- 4 input functions                    ; 0     ;
;     -- <=3 input functions                  ; 0     ;
;                                             ;       ;
; Dedicated logic registers                   ; 0     ;
;                                             ;       ;
; I/O pins                                    ; 66    ;
;                                             ;       ;
; Total DSP Blocks                            ; 0     ;
;                                             ;       ;
; Maximum fan-out node                        ; Clock ;
; Maximum fan-out                             ; 1     ;
; Total fan-out                               ; 66    ;
; Average fan-out                             ; 0.50  ;
+---------------------------------------------+-------+


+----------------------------------------------------------------------------------------------------------------------------------------------------------------------------------------+
; Analysis & Synthesis Resource Utilization by Entity                                                                                                                                    ;
+----------------------------+---------------------+---------------------------+-------------------+------------+------+--------------+---------------------+-------------+--------------+
; Compilation Hierarchy Node ; Combinational ALUTs ; Dedicated Logic Registers ; Block Memory Bits ; DSP Blocks ; Pins ; Virtual Pins ; Full Hierarchy Name ; Entity Name ; Library Name ;
+----------------------------+---------------------+---------------------------+-------------------+------------+------+--------------+---------------------+-------------+--------------+
; |top                       ; 0 (0)               ; 0 (0)                     ; 0                 ; 0          ; 66   ; 0            ; |top                ; top         ; work         ;
+----------------------------+---------------------+---------------------------+-------------------+------------+------+--------------+---------------------+-------------+--------------+
Note: For table entries with two numbers listed, the numbers in parentheses indicate the number of resources of the given type used by the specific entity alone. The numbers listed outside of parentheses indicate the total resources of the given type used by the specific entity and all of its sub-entities in the hierarchy.


+---------------------------------------------------------------------------------+
; Registers Removed During Synthesis                                              ;
+----------------------------------------+----------------------------------------+
; Register name                          ; Reason for Removal                     ;
+----------------------------------------+----------------------------------------+
; Dflipflop:D37|Q                        ; Stuck at GND due to stuck port data_in ;
; Dflipflop:D36|Qn                       ; Lost fanout                            ;
; Dflipflop:D36|Q                        ; Stuck at GND due to stuck port data_in ;
; Dflipflop:D35|Qn                       ; Lost fanout                            ;
; Dflipflop:D35|Q                        ; Stuck at GND due to stuck port data_in ;
; Dflipflop:D34|Qn                       ; Lost fanout                            ;
; Dflipflop:D34|Q                        ; Stuck at GND due to stuck port data_in ;
; Dflipflop:D33|Qn                       ; Lost fanout                            ;
; Dflipflop:D33|Q                        ; Stuck at GND due to stuck port data_in ;
; Dflipflop:D32|Qn                       ; Lost fanout                            ;
; Dflipflop:D32|Q                        ; Stuck at GND due to stuck port data_in ;
; Dflipflop:D31|Qn                       ; Lost fanout                            ;
; Dflipflop:D31|Q                        ; Stuck at GND due to stuck port data_in ;
; Dflipflop:D30|Qn                       ; Lost fanout                            ;
; Dflipflop:D30|Q                        ; Stuck at GND due to stuck port data_in ;
; Dflipflop:D29|Qn                       ; Lost fanout                            ;
; Dflipflop:D29|Q                        ; Stuck at GND due to stuck port data_in ;
; Dflipflop:D28|Qn                       ; Lost fanout                            ;
; Dflipflop:D28|Q                        ; Stuck at GND due to stuck port data_in ;
; Dflipflop:D27|Qn                       ; Lost fanout                            ;
; Dflipflop:D27|Q                        ; Stuck at GND due to stuck port data_in ;
; Dflipflop:D26|Qn                       ; Lost fanout                            ;
; Dflipflop:D26|Q                        ; Stuck at GND due to stuck port data_in ;
; Dflipflop:D25|Qn                       ; Lost fanout                            ;
; Dflipflop:D25|Q                        ; Stuck at GND due to stuck port data_in ;
; Dflipflop:D24|Qn                       ; Lost fanout                            ;
; Dflipflop:D24|Q                        ; Stuck at GND due to stuck port data_in ;
; Dflipflop:D23|Qn                       ; Lost fanout                            ;
; Dflipflop:D23|Q                        ; Stuck at GND due to stuck port data_in ;
; Dflipflop:D22|Qn                       ; Lost fanout                            ;
; Dflipflop:D22|Q                        ; Stuck at GND due to stuck port data_in ;
; Dflipflop:D21|Qn                       ; Lost fanout                            ;
; Dflipflop:D21|Q                        ; Stuck at GND due to stuck port data_in ;
; Dflipflop:D20|Qn                       ; Lost fanout                            ;
; Dflipflop:D20|Q                        ; Stuck at GND due to stuck port data_in ;
; Dflipflop:D19|Qn                       ; Lost fanout                            ;
; Dflipflop:D19|Q                        ; Stuck at GND due to stuck port data_in ;
; Dflipflop:D18|Qn                       ; Lost fanout                            ;
; Dflipflop:D18|Q                        ; Stuck at GND due to stuck port data_in ;
; Dflipflop:D17|Qn                       ; Lost fanout                            ;
; Dflipflop:D17|Q                        ; Stuck at GND due to stuck port data_in ;
; Dflipflop:D16|Qn                       ; Lost fanout                            ;
; Dflipflop:D16|Q                        ; Stuck at GND due to stuck port data_in ;
; Dflipflop:D15|Qn                       ; Lost fanout                            ;
; Dflipflop:D15|Q                        ; Stuck at GND due to stuck port data_in ;
; Dflipflop:D14|Qn                       ; Lost fanout                            ;
; Dflipflop:D14|Q                        ; Stuck at GND due to stuck port data_in ;
; Dflipflop:D13|Qn                       ; Lost fanout                            ;
; Dflipflop:D13|Q                        ; Lost fanout                            ;
; Dflipflop:D12|Qn                       ; Lost fanout                            ;
; Dflipflop:D12|Q                        ; Lost fanout                            ;
; Dflipflop:D11|Qn                       ; Lost fanout                            ;
; Dflipflop:D11|Q                        ; Lost fanout                            ;
; Dflipflop:D10|Qn                       ; Lost fanout                            ;
; Dflipflop:D10|Q                        ; Lost fanout                            ;
; Dflipflop:D9|Qn                        ; Lost fanout                            ;
; Dflipflop:D9|Q                         ; Lost fanout                            ;
; Dflipflop:D8|Qn                        ; Lost fanout                            ;
; Dflipflop:D8|Q                         ; Lost fanout                            ;
; Dflipflop:D7|Qn                        ; Lost fanout                            ;
; Dflipflop:D7|Q                         ; Stuck at GND due to stuck port data_in ;
; Dflipflop:D6|Qn                        ; Lost fanout                            ;
; Dflipflop:D6|Q                         ; Stuck at GND due to stuck port data_in ;
; Dflipflop:D5|Qn                        ; Lost fanout                            ;
; Dflipflop:D5|Q                         ; Stuck at GND due to stuck port data_in ;
; Dflipflop:D4|Qn                        ; Lost fanout                            ;
; Dflipflop:D4|Q                         ; Stuck at GND due to stuck port data_in ;
; Dflipflop:D3|Qn                        ; Lost fanout                            ;
; Dflipflop:D3|Q                         ; Stuck at GND due to stuck port data_in ;
; Dflipflop:D2|Qn                        ; Lost fanout                            ;
; Dflipflop:D2|Q                         ; Stuck at GND due to stuck port data_in ;
; Dflipflop:D1|Qn                        ; Lost fanout                            ;
; Dflipflop:D1|Q                         ; Stuck at GND due to stuck port data_in ;
; Dflipflop:D0|Qn                        ; Lost fanout                            ;
; Dflipflop:D0|Q                         ; Stuck at GND due to stuck port data_in ;
; Total Number of Removed Registers = 75 ;                                        ;
+----------------------------------------+----------------------------------------+


+-----------------------------------------------------------------------------------------------------------------------------------------+
; Removed Registers Triggering Further Register Optimizations                                                                             ;
+-----------------+---------------------------+-------------------------------------------------------------------------------------------+
; Register name   ; Reason for Removal        ; Registers Removed due to This Register                                                    ;
+-----------------+---------------------------+-------------------------------------------------------------------------------------------+
; Dflipflop:D37|Q ; Stuck at GND              ; Dflipflop:D36|Qn, Dflipflop:D35|Qn, Dflipflop:D34|Qn, Dflipflop:D33|Qn, Dflipflop:D32|Qn, ;
;                 ; due to stuck port data_in ; Dflipflop:D31|Qn, Dflipflop:D30|Qn, Dflipflop:D29|Qn, Dflipflop:D28|Qn, Dflipflop:D27|Qn, ;
;                 ;                           ; Dflipflop:D26|Qn, Dflipflop:D25|Qn, Dflipflop:D24|Qn, Dflipflop:D23|Qn, Dflipflop:D22|Qn, ;
;                 ;                           ; Dflipflop:D21|Qn, Dflipflop:D20|Qn, Dflipflop:D19|Qn, Dflipflop:D18|Qn, Dflipflop:D17|Qn, ;
;                 ;                           ; Dflipflop:D16|Qn, Dflipflop:D15|Qn, Dflipflop:D14|Qn, Dflipflop:D13|Qn, Dflipflop:D13|Q,  ;
;                 ;                           ; Dflipflop:D12|Qn, Dflipflop:D12|Q, Dflipflop:D11|Qn, Dflipflop:D11|Q, Dflipflop:D10|Qn,   ;
;                 ;                           ; Dflipflop:D10|Q, Dflipflop:D9|Qn, Dflipflop:D9|Q, Dflipflop:D8|Qn, Dflipflop:D8|Q,        ;
;                 ;                           ; Dflipflop:D7|Qn, Dflipflop:D6|Qn, Dflipflop:D5|Qn, Dflipflop:D4|Qn, Dflipflop:D3|Qn,      ;
;                 ;                           ; Dflipflop:D2|Qn, Dflipflop:D1|Qn, Dflipflop:D0|Qn                                         ;
; Dflipflop:D21|Q ; Stuck at GND              ; Dflipflop:D0|Q                                                                            ;
;                 ; due to stuck port data_in ;                                                                                           ;
+-----------------+---------------------------+-------------------------------------------------------------------------------------------+


+------------------------------------------------------+
; General Register Statistics                          ;
+----------------------------------------------+-------+
; Statistic                                    ; Value ;
+----------------------------------------------+-------+
; Total registers                              ; 0     ;
; Number of registers using Synchronous Clear  ; 0     ;
; Number of registers using Synchronous Load   ; 0     ;
; Number of registers using Asynchronous Clear ; 0     ;
; Number of registers using Asynchronous Load  ; 0     ;
; Number of registers using Clock Enable       ; 0     ;
; Number of registers using Preset             ; 0     ;
+----------------------------------------------+-------+


+----------------------------------------------------------------------------------------------------------------+
; Port Connectivity Checks: "Dflipflop:D37"                                                                      ;
+------+--------+----------+-------------------------------------------------------------------------------------+
; Port ; Type   ; Severity ; Details                                                                             ;
+------+--------+----------+-------------------------------------------------------------------------------------+
; qn   ; Output ; Info     ; Connected to dangling logic. Logic that only feeds a dangling port will be removed. ;
+------+--------+----------+-------------------------------------------------------------------------------------+


+-----------------------------------------------------+
; Post-Synthesis Netlist Statistics for Top Partition ;
+-----------------------+-----------------------------+
; Type                  ; Count                       ;
+-----------------------+-----------------------------+
; arriav_lcell_comb     ; 2                           ;
;     normal            ; 2                           ;
;         0 data inputs ; 2                           ;
; boundary_port         ; 66                          ;
;                       ;                             ;
; Max LUT depth         ; 0.00                        ;
; Average LUT depth     ; 0.00                        ;
+-----------------------+-----------------------------+


+-------------------------------+
; Elapsed Time Per Partition    ;
+----------------+--------------+
; Partition Name ; Elapsed Time ;
+----------------+--------------+
; Top            ; 00:00:00     ;
+----------------+--------------+


+-------------------------------+
; Analysis & Synthesis Messages ;
+-------------------------------+
Info: *******************************************************************
Info: Running Quartus Prime Analysis & Synthesis
    Info: Version 17.1.0 Build 590 10/25/2017 SJ Lite Edition
    Info: Processing started: Wed Feb 21 15:16:32 2018
Info: Command: quartus_map --read_settings_files=on --write_settings_files=off top -c top
Warning (18236): Number of processors has not been specified which may cause overloading on shared machines.  Set the global assignment NUM_PARALLEL_PROCESSORS in your QSF to an appropriate value for best performance.
Info (20030): Parallel compilation is enabled and will use 2 of the 2 processors detected
Info (12021): Found 2 design units, including 1 entities, in source file top.vhd
    Info (12022): Found design unit 1: top-top_arch File: C:/Users/mc_gr/Desktop/367/9.1_lab/top.vhd Line: 18
    Info (12023): Found entity 1: top File: C:/Users/mc_gr/Desktop/367/9.1_lab/top.vhd Line: 4
Info (12021): Found 2 design units, including 1 entities, in source file dflipflop.vhd
    Info (12022): Found design unit 1: Dflipflop-Dflipflop_arch File: C:/Users/mc_gr/Desktop/367/9.1_lab/dflipflop.vhd Line: 11
    Info (12023): Found entity 1: Dflipflop File: C:/Users/mc_gr/Desktop/367/9.1_lab/dflipflop.vhd Line: 4
Info (12021): Found 2 design units, including 1 entities, in source file char_decoder.vhd
    Info (12022): Found design unit 1: char_decoder-char_decoder_arch File: C:/Users/mc_gr/Desktop/367/9.1_lab/char_decoder.vhd Line: 10
    Info (12023): Found entity 1: char_decoder File: C:/Users/mc_gr/Desktop/367/9.1_lab/char_decoder.vhd Line: 4
Info (12127): Elaborating entity "top" for the top level hierarchy
Info (12128): Elaborating entity "Dflipflop" for hierarchy "Dflipflop:D0" File: C:/Users/mc_gr/Desktop/367/9.1_lab/top.vhd Line: 40
Info (12128): Elaborating entity "char_decoder" for hierarchy "char_decoder:C0" File: C:/Users/mc_gr/Desktop/367/9.1_lab/top.vhd Line: 87
Warning (13024): Output pins are stuck at VCC or GND
    Warning (13410): Pin "LEDR[0]" is stuck at GND File: C:/Users/mc_gr/Desktop/367/9.1_lab/top.vhd Line: 8
    Warning (13410): Pin "LEDR[1]" is stuck at GND File: C:/Users/mc_gr/Desktop/367/9.1_lab/top.vhd Line: 8
    Warning (13410): Pin "LEDR[2]" is stuck at GND File: C:/Users/mc_gr/Desktop/367/9.1_lab/top.vhd Line: 8
    Warning (13410): Pin "LEDR[3]" is stuck at GND File: C:/Users/mc_gr/Desktop/367/9.1_lab/top.vhd Line: 8
    Warning (13410): Pin "LEDR[4]" is stuck at GND File: C:/Users/mc_gr/Desktop/367/9.1_lab/top.vhd Line: 8
    Warning (13410): Pin "LEDR[5]" is stuck at GND File: C:/Users/mc_gr/Desktop/367/9.1_lab/top.vhd Line: 8
    Warning (13410): Pin "LEDR[6]" is stuck at GND File: C:/Users/mc_gr/Desktop/367/9.1_lab/top.vhd Line: 8
    Warning (13410): Pin "LEDR[7]" is stuck at GND File: C:/Users/mc_gr/Desktop/367/9.1_lab/top.vhd Line: 8
    Warning (13410): Pin "LEDR[8]" is stuck at GND File: C:/Users/mc_gr/Desktop/367/9.1_lab/top.vhd Line: 8
    Warning (13410): Pin "LEDR[9]" is stuck at GND File: C:/Users/mc_gr/Desktop/367/9.1_lab/top.vhd Line: 8
    Warning (13410): Pin "HEX0[0]" is stuck at GND File: C:/Users/mc_gr/Desktop/367/9.1_lab/top.vhd Line: 9
    Warning (13410): Pin "HEX0[1]" is stuck at GND File: C:/Users/mc_gr/Desktop/367/9.1_lab/top.vhd Line: 9
    Warning (13410): Pin "HEX0[2]" is stuck at GND File: C:/Users/mc_gr/Desktop/367/9.1_lab/top.vhd Line: 9
    Warning (13410): Pin "HEX0[3]" is stuck at GND File: C:/Users/mc_gr/Desktop/367/9.1_lab/top.vhd Line: 9
    Warning (13410): Pin "HEX0[4]" is stuck at GND File: C:/Users/mc_gr/Desktop/367/9.1_lab/top.vhd Line: 9
    Warning (13410): Pin "HEX0[5]" is stuck at GND File: C:/Users/mc_gr/Desktop/367/9.1_lab/top.vhd Line: 9
    Warning (13410): Pin "HEX0[6]" is stuck at VCC File: C:/Users/mc_gr/Desktop/367/9.1_lab/top.vhd Line: 9
    Warning (13410): Pin "HEX1[0]" is stuck at GND File: C:/Users/mc_gr/Desktop/367/9.1_lab/top.vhd Line: 10
    Warning (13410): Pin "HEX1[1]" is stuck at GND File: C:/Users/mc_gr/Desktop/367/9.1_lab/top.vhd Line: 10
    Warning (13410): Pin "HEX1[2]" is stuck at GND File: C:/Users/mc_gr/Desktop/367/9.1_lab/top.vhd Line: 10
    Warning (13410): Pin "HEX1[3]" is stuck at GND File: C:/Users/mc_gr/Desktop/367/9.1_lab/top.vhd Line: 10
    Warning (13410): Pin "HEX1[4]" is stuck at GND File: C:/Users/mc_gr/Desktop/367/9.1_lab/top.vhd Line: 10
    Warning (13410): Pin "HEX1[5]" is stuck at GND File: C:/Users/mc_gr/Desktop/367/9.1_lab/top.vhd Line: 10
    Warning (13410): Pin "HEX1[6]" is stuck at VCC File: C:/Users/mc_gr/Desktop/367/9.1_lab/top.vhd Line: 10
    Warning (13410): Pin "HEX2[0]" is stuck at GND File: C:/Users/mc_gr/Desktop/367/9.1_lab/top.vhd Line: 11
    Warning (13410): Pin "HEX2[1]" is stuck at GND File: C:/Users/mc_gr/Desktop/367/9.1_lab/top.vhd Line: 11
    Warning (13410): Pin "HEX2[2]" is stuck at GND File: C:/Users/mc_gr/Desktop/367/9.1_lab/top.vhd Line: 11
    Warning (13410): Pin "HEX2[3]" is stuck at GND File: C:/Users/mc_gr/Desktop/367/9.1_lab/top.vhd Line: 11
    Warning (13410): Pin "HEX2[4]" is stuck at GND File: C:/Users/mc_gr/Desktop/367/9.1_lab/top.vhd Line: 11
    Warning (13410): Pin "HEX2[5]" is stuck at GND File: C:/Users/mc_gr/Desktop/367/9.1_lab/top.vhd Line: 11
    Warning (13410): Pin "HEX2[6]" is stuck at VCC File: C:/Users/mc_gr/Desktop/367/9.1_lab/top.vhd Line: 11
    Warning (13410): Pin "HEX3[0]" is stuck at GND File: C:/Users/mc_gr/Desktop/367/9.1_lab/top.vhd Line: 12
    Warning (13410): Pin "HEX3[1]" is stuck at GND File: C:/Users/mc_gr/Desktop/367/9.1_lab/top.vhd Line: 12
    Warning (13410): Pin "HEX3[2]" is stuck at GND File: C:/Users/mc_gr/Desktop/367/9.1_lab/top.vhd Line: 12
    Warning (13410): Pin "HEX3[3]" is stuck at GND File: C:/Users/mc_gr/Desktop/367/9.1_lab/top.vhd Line: 12
    Warning (13410): Pin "HEX3[4]" is stuck at GND File: C:/Users/mc_gr/Desktop/367/9.1_lab/top.vhd Line: 12
    Warning (13410): Pin "HEX3[5]" is stuck at GND File: C:/Users/mc_gr/Desktop/367/9.1_lab/top.vhd Line: 12
    Warning (13410): Pin "HEX3[6]" is stuck at VCC File: C:/Users/mc_gr/Desktop/367/9.1_lab/top.vhd Line: 12
    Warning (13410): Pin "HEX4[0]" is stuck at GND File: C:/Users/mc_gr/Desktop/367/9.1_lab/top.vhd Line: 13
    Warning (13410): Pin "HEX4[1]" is stuck at GND File: C:/Users/mc_gr/Desktop/367/9.1_lab/top.vhd Line: 13
    Warning (13410): Pin "HEX4[2]" is stuck at GND File: C:/Users/mc_gr/Desktop/367/9.1_lab/top.vhd Line: 13
    Warning (13410): Pin "HEX4[3]" is stuck at GND File: C:/Users/mc_gr/Desktop/367/9.1_lab/top.vhd Line: 13
    Warning (13410): Pin "HEX4[4]" is stuck at GND File: C:/Users/mc_gr/Desktop/367/9.1_lab/top.vhd Line: 13
    Warning (13410): Pin "HEX4[5]" is stuck at GND File: C:/Users/mc_gr/Desktop/367/9.1_lab/top.vhd Line: 13
    Warning (13410): Pin "HEX4[6]" is stuck at VCC File: C:/Users/mc_gr/Desktop/367/9.1_lab/top.vhd Line: 13
    Warning (13410): Pin "HEX5[0]" is stuck at GND File: C:/Users/mc_gr/Desktop/367/9.1_lab/top.vhd Line: 14
    Warning (13410): Pin "HEX5[1]" is stuck at GND File: C:/Users/mc_gr/Desktop/367/9.1_lab/top.vhd Line: 14
    Warning (13410): Pin "HEX5[2]" is stuck at GND File: C:/Users/mc_gr/Desktop/367/9.1_lab/top.vhd Line: 14
    Warning (13410): Pin "HEX5[3]" is stuck at GND File: C:/Users/mc_gr/Desktop/367/9.1_lab/top.vhd Line: 14
    Warning (13410): Pin "HEX5[4]" is stuck at GND File: C:/Users/mc_gr/Desktop/367/9.1_lab/top.vhd Line: 14
    Warning (13410): Pin "HEX5[5]" is stuck at GND File: C:/Users/mc_gr/Desktop/367/9.1_lab/top.vhd Line: 14
    Warning (13410): Pin "HEX5[6]" is stuck at VCC File: C:/Users/mc_gr/Desktop/367/9.1_lab/top.vhd Line: 14
    Warning (13410): Pin "GPIO_1[0]" is stuck at GND File: C:/Users/mc_gr/Desktop/367/9.1_lab/top.vhd Line: 15
    Warning (13410): Pin "GPIO_1[1]" is stuck at GND File: C:/Users/mc_gr/Desktop/367/9.1_lab/top.vhd Line: 15
    Warning (13410): Pin "GPIO_1[2]" is stuck at GND File: C:/Users/mc_gr/Desktop/367/9.1_lab/top.vhd Line: 15
    Warning (13410): Pin "GPIO_1[3]" is stuck at GND File: C:/Users/mc_gr/Desktop/367/9.1_lab/top.vhd Line: 15
    Warning (13410): Pin "GPIO_1[4]" is stuck at GND File: C:/Users/mc_gr/Desktop/367/9.1_lab/top.vhd Line: 15
    Warning (13410): Pin "GPIO_1[5]" is stuck at GND File: C:/Users/mc_gr/Desktop/367/9.1_lab/top.vhd Line: 15
    Warning (13410): Pin "GPIO_1[6]" is stuck at GND File: C:/Users/mc_gr/Desktop/367/9.1_lab/top.vhd Line: 15
    Warning (13410): Pin "GPIO_1[7]" is stuck at GND File: C:/Users/mc_gr/Desktop/367/9.1_lab/top.vhd Line: 15
Info (17049): 43 registers lost all their fanouts during netlist optimizations.
Info (16010): Generating hard_block partition "hard_block:auto_generated_inst"
    Info (16011): Adding 0 node(s), including 0 DDIO, 0 PLL, 0 transceiver and 0 LCELL
Warning (21074): Design contains 6 input pin(s) that do not drive logic
    Warning (15610): No output dependent on input pin "Clock" File: C:/Users/mc_gr/Desktop/367/9.1_lab/top.vhd Line: 5
    Warning (15610): No output dependent on input pin "Reset" File: C:/Users/mc_gr/Desktop/367/9.1_lab/top.vhd Line: 6
    Warning (15610): No output dependent on input pin "SW[0]" File: C:/Users/mc_gr/Desktop/367/9.1_lab/top.vhd Line: 7
    Warning (15610): No output dependent on input pin "SW[1]" File: C:/Users/mc_gr/Desktop/367/9.1_lab/top.vhd Line: 7
    Warning (15610): No output dependent on input pin "SW[2]" File: C:/Users/mc_gr/Desktop/367/9.1_lab/top.vhd Line: 7
    Warning (15610): No output dependent on input pin "SW[3]" File: C:/Users/mc_gr/Desktop/367/9.1_lab/top.vhd Line: 7
Info (21057): Implemented 66 device resources after synthesis - the final resource count might be different
    Info (21058): Implemented 6 input pins
    Info (21059): Implemented 60 output pins
Info: Quartus Prime Analysis & Synthesis was successful. 0 errors, 69 warnings
    Info: Peak virtual memory: 784 megabytes
    Info: Processing ended: Wed Feb 21 15:16:51 2018
    Info: Elapsed time: 00:00:19
    Info: Total CPU time (on all processors): 00:00:32


