Analysis & Synthesis report for top
Wed Apr 25 19:57:25 2018
Quartus Prime Version 17.1.1 Internal Build 593 12/11/2017 SJ Lite Edition


---------------------
; Table of Contents ;
---------------------
  1. Legal Notice
  2. Analysis & Synthesis Summary
  3. Analysis & Synthesis Settings
  4. Parallel Compilation
  5. Analysis & Synthesis Source Files Read
  6. Analysis & Synthesis Resource Usage Summary
  7. Analysis & Synthesis Resource Utilization by Entity
  8. Analysis & Synthesis RAM Summary
  9. State Machine - |top|computer:COMP|cpu:CPU_PROC|control_unit:CU|current_state
 10. Registers Removed During Synthesis
 11. Removed Registers Triggering Further Register Optimizations
 12. General Register Statistics
 13. Registers Packed Into Inferred Megafunctions
 14. Multiplexer Restructuring Statistics (Restructuring Performed)
 15. Source assignments for computer:COMP|memory:MEMORY_PROC|rw_96x8_sync:RW|altsyncram:RW_rtl_0|altsyncram_m0q1:auto_generated
 16. Parameter Settings for Inferred Entity Instance: computer:COMP|memory:MEMORY_PROC|rw_96x8_sync:RW|altsyncram:RW_rtl_0
 17. altsyncram Parameter Settings by Entity Instance
 18. Port Connectivity Checks: "computer:COMP|cpu:CPU_PROC|data_path:DP|alu:ALU_1"
 19. Port Connectivity Checks: "computer:COMP"
 20. Port Connectivity Checks: "clock_div_prec:CD|Dflipflop:D37"
 21. Post-Synthesis Netlist Statistics for Top Partition
 22. Elapsed Time Per Partition
 23. Analysis & Synthesis Messages



----------------
; Legal Notice ;
----------------
Copyright (C) 2017  Intel Corporation. All rights reserved.
Your use of Intel Corporation's design tools, logic functions 
and other software and tools, and its AMPP partner logic 
functions, and any output files from any of the foregoing 
(including device programming or simulation files), and any 
associated documentation or information are expressly subject 
to the terms and conditions of the Intel Program License 
Subscription Agreement, the Intel Quartus Prime License Agreement,
the Intel FPGA IP License Agreement, or other applicable license
agreement, including, without limitation, that your use is for
the sole purpose of programming logic devices manufactured by
Intel and sold by Intel or its authorized distributors.  Please
refer to the applicable agreement for further details.



+----------------------------------------------------------------------------------------+
; Analysis & Synthesis Summary                                                           ;
+---------------------------------+------------------------------------------------------+
; Analysis & Synthesis Status     ; Successful - Wed Apr 25 19:57:25 2018                ;
; Quartus Prime Version           ; 17.1.1 Internal Build 593 12/11/2017 SJ Lite Edition ;
; Revision Name                   ; top                                                  ;
; Top-level Entity Name           ; top                                                  ;
; Family                          ; Cyclone V                                            ;
; Logic utilization (in ALMs)     ; N/A                                                  ;
; Total registers                 ; 134                                                  ;
; Total pins                      ; 82                                                   ;
; Total virtual pins              ; 0                                                    ;
; Total block memory bits         ; 2,048                                                ;
; Total DSP Blocks                ; 0                                                    ;
; Total HSSI RX PCSs              ; 0                                                    ;
; Total HSSI PMA RX Deserializers ; 0                                                    ;
; Total HSSI TX PCSs              ; 0                                                    ;
; Total HSSI PMA TX Serializers   ; 0                                                    ;
; Total PLLs                      ; 0                                                    ;
; Total DLLs                      ; 0                                                    ;
+---------------------------------+------------------------------------------------------+


+---------------------------------------------------------------------------------------------------------------------------+
; Analysis & Synthesis Settings                                                                                             ;
+---------------------------------------------------------------------------------+--------------------+--------------------+
; Option                                                                          ; Setting            ; Default Value      ;
+---------------------------------------------------------------------------------+--------------------+--------------------+
; Device                                                                          ; 5CEBA4F23C7        ;                    ;
; Top-level entity name                                                           ; top                ; top                ;
; Family name                                                                     ; Cyclone V          ; Cyclone V          ;
; Use smart compilation                                                           ; Off                ; Off                ;
; Enable parallel Assembler and TimeQuest Timing Analyzer during compilation      ; On                 ; On                 ;
; Enable compact report table                                                     ; Off                ; Off                ;
; Restructure Multiplexers                                                        ; Auto               ; Auto               ;
; MLAB Add Timing Constraints For Mixed-Port Feed-Through Mode Setting Don't Care ; Off                ; Off                ;
; Create Debugging Nodes for IP Cores                                             ; Off                ; Off                ;
; Preserve fewer node names                                                       ; On                 ; On                 ;
; Intel FPGA IP Evaluation Mode                                                   ; Enable             ; Enable             ;
; Verilog Version                                                                 ; Verilog_2001       ; Verilog_2001       ;
; VHDL Version                                                                    ; VHDL_1993          ; VHDL_1993          ;
; State Machine Processing                                                        ; Auto               ; Auto               ;
; Safe State Machine                                                              ; Off                ; Off                ;
; Extract Verilog State Machines                                                  ; On                 ; On                 ;
; Extract VHDL State Machines                                                     ; On                 ; On                 ;
; Ignore Verilog initial constructs                                               ; Off                ; Off                ;
; Iteration limit for constant Verilog loops                                      ; 5000               ; 5000               ;
; Iteration limit for non-constant Verilog loops                                  ; 250                ; 250                ;
; Add Pass-Through Logic to Inferred RAMs                                         ; On                 ; On                 ;
; Infer RAMs from Raw Logic                                                       ; On                 ; On                 ;
; Parallel Synthesis                                                              ; On                 ; On                 ;
; DSP Block Balancing                                                             ; Auto               ; Auto               ;
; NOT Gate Push-Back                                                              ; On                 ; On                 ;
; Power-Up Don't Care                                                             ; On                 ; On                 ;
; Remove Redundant Logic Cells                                                    ; Off                ; Off                ;
; Remove Duplicate Registers                                                      ; On                 ; On                 ;
; Ignore CARRY Buffers                                                            ; Off                ; Off                ;
; Ignore CASCADE Buffers                                                          ; Off                ; Off                ;
; Ignore GLOBAL Buffers                                                           ; Off                ; Off                ;
; Ignore ROW GLOBAL Buffers                                                       ; Off                ; Off                ;
; Ignore LCELL Buffers                                                            ; Off                ; Off                ;
; Ignore SOFT Buffers                                                             ; On                 ; On                 ;
; Limit AHDL Integers to 32 Bits                                                  ; Off                ; Off                ;
; Optimization Technique                                                          ; Balanced           ; Balanced           ;
; Carry Chain Length                                                              ; 70                 ; 70                 ;
; Auto Carry Chains                                                               ; On                 ; On                 ;
; Auto Open-Drain Pins                                                            ; On                 ; On                 ;
; Perform WYSIWYG Primitive Resynthesis                                           ; Off                ; Off                ;
; Auto ROM Replacement                                                            ; On                 ; On                 ;
; Auto RAM Replacement                                                            ; On                 ; On                 ;
; Auto DSP Block Replacement                                                      ; On                 ; On                 ;
; Auto Shift Register Replacement                                                 ; Auto               ; Auto               ;
; Allow Shift Register Merging across Hierarchies                                 ; Auto               ; Auto               ;
; Auto Clock Enable Replacement                                                   ; On                 ; On                 ;
; Strict RAM Replacement                                                          ; Off                ; Off                ;
; Allow Synchronous Control Signals                                               ; On                 ; On                 ;
; Force Use of Synchronous Clear Signals                                          ; Off                ; Off                ;
; Auto Resource Sharing                                                           ; Off                ; Off                ;
; Allow Any RAM Size For Recognition                                              ; Off                ; Off                ;
; Allow Any ROM Size For Recognition                                              ; Off                ; Off                ;
; Allow Any Shift Register Size For Recognition                                   ; Off                ; Off                ;
; Use LogicLock Constraints during Resource Balancing                             ; On                 ; On                 ;
; Ignore translate_off and synthesis_off directives                               ; Off                ; Off                ;
; Timing-Driven Synthesis                                                         ; On                 ; On                 ;
; Report Parameter Settings                                                       ; On                 ; On                 ;
; Report Source Assignments                                                       ; On                 ; On                 ;
; Report Connectivity Checks                                                      ; On                 ; On                 ;
; Ignore Maximum Fan-Out Assignments                                              ; Off                ; Off                ;
; Synchronization Register Chain Length                                           ; 3                  ; 3                  ;
; Power Optimization During Synthesis                                             ; Normal compilation ; Normal compilation ;
; HDL message level                                                               ; Level2             ; Level2             ;
; Suppress Register Optimization Related Messages                                 ; Off                ; Off                ;
; Number of Removed Registers Reported in Synthesis Report                        ; 5000               ; 5000               ;
; Number of Swept Nodes Reported in Synthesis Report                              ; 5000               ; 5000               ;
; Number of Inverted Registers Reported in Synthesis Report                       ; 100                ; 100                ;
; Clock MUX Protection                                                            ; On                 ; On                 ;
; Auto Gated Clock Conversion                                                     ; Off                ; Off                ;
; Block Design Naming                                                             ; Auto               ; Auto               ;
; SDC constraint protection                                                       ; Off                ; Off                ;
; Synthesis Effort                                                                ; Auto               ; Auto               ;
; Shift Register Replacement - Allow Asynchronous Clear Signal                    ; On                 ; On                 ;
; Pre-Mapping Resynthesis Optimization                                            ; Off                ; Off                ;
; Analysis & Synthesis Message Level                                              ; Medium             ; Medium             ;
; Disable Register Merging Across Hierarchies                                     ; Auto               ; Auto               ;
; Resource Aware Inference For Block RAM                                          ; On                 ; On                 ;
; Automatic Parallel Synthesis                                                    ; On                 ; On                 ;
; Partial Reconfiguration Bitstream ID                                            ; Off                ; Off                ;
+---------------------------------------------------------------------------------+--------------------+--------------------+


+------------------------------------------+
; Parallel Compilation                     ;
+----------------------------+-------------+
; Processors                 ; Number      ;
+----------------------------+-------------+
; Number detected on machine ; 4           ;
; Maximum allowed            ; 2           ;
;                            ;             ;
; Average used               ; 1.00        ;
; Maximum used               ; 2           ;
;                            ;             ;
; Usage by Processor         ; % Time Used ;
;     Processor 1            ; 100.0%      ;
;     Processor 2            ;   0.0%      ;
+----------------------------+-------------+


+----------------------------------------------------------------------------------------------------------------------------------------------------------------------------+
; Analysis & Synthesis Source Files Read                                                                                                                                     ;
+----------------------------------+-----------------+------------------------------+------------------------------------------------------------------------------+---------+
; File Name with User-Entered Path ; Used in Netlist ; File Type                    ; File Name with Absolute Path                                                 ; Library ;
+----------------------------------+-----------------+------------------------------+------------------------------------------------------------------------------+---------+
; ../13.1Computer/alu.vhd          ; yes             ; User VHDL File               ; C:/Users/mc_gr/Desktop/367/13.1Computer/alu.vhd                              ;         ;
; top.vhd                          ; yes             ; User VHDL File               ; C:/Users/mc_gr/Desktop/367/QuartusComputer/top.vhd                           ;         ;
; computer.vhd                     ; yes             ; User VHDL File               ; C:/Users/mc_gr/Desktop/367/QuartusComputer/computer.vhd                      ;         ;
; rw_96x8_sync.vhd                 ; yes             ; User VHDL File               ; C:/Users/mc_gr/Desktop/367/QuartusComputer/rw_96x8_sync.vhd                  ;         ;
; rom_128x8_sync.vhd               ; yes             ; User VHDL File               ; C:/Users/mc_gr/Desktop/367/QuartusComputer/rom_128x8_sync.vhd                ;         ;
; memory.vhd                       ; yes             ; User VHDL File               ; C:/Users/mc_gr/Desktop/367/QuartusComputer/memory.vhd                        ;         ;
; data_path.vhd                    ; yes             ; User VHDL File               ; C:/Users/mc_gr/Desktop/367/QuartusComputer/data_path.vhd                     ;         ;
; cpu.vhd                          ; yes             ; User VHDL File               ; C:/Users/mc_gr/Desktop/367/QuartusComputer/cpu.vhd                           ;         ;
; control_unit.vhd                 ; yes             ; User VHDL File               ; C:/Users/mc_gr/Desktop/367/QuartusComputer/control_unit.vhd                  ;         ;
; clock_div_prec.vhd               ; yes             ; User VHDL File               ; C:/Users/mc_gr/Desktop/367/QuartusComputer/clock_div_prec.vhd                ;         ;
; char_decoder.vhd                 ; yes             ; User VHDL File               ; C:/Users/mc_gr/Desktop/367/QuartusComputer/char_decoder.vhd                  ;         ;
; dflipflop.vhd                    ; yes             ; User VHDL File               ; C:/Users/mc_gr/Desktop/367/QuartusComputer/dflipflop.vhd                     ;         ;
; altsyncram.tdf                   ; yes             ; Megafunction                 ; c:/intelfpga_lite/17.1/quartus/libraries/megafunctions/altsyncram.tdf        ;         ;
; stratix_ram_block.inc            ; yes             ; Megafunction                 ; c:/intelfpga_lite/17.1/quartus/libraries/megafunctions/stratix_ram_block.inc ;         ;
; lpm_mux.inc                      ; yes             ; Megafunction                 ; c:/intelfpga_lite/17.1/quartus/libraries/megafunctions/lpm_mux.inc           ;         ;
; lpm_decode.inc                   ; yes             ; Megafunction                 ; c:/intelfpga_lite/17.1/quartus/libraries/megafunctions/lpm_decode.inc        ;         ;
; aglobal171.inc                   ; yes             ; Megafunction                 ; c:/intelfpga_lite/17.1/quartus/libraries/megafunctions/aglobal171.inc        ;         ;
; a_rdenreg.inc                    ; yes             ; Megafunction                 ; c:/intelfpga_lite/17.1/quartus/libraries/megafunctions/a_rdenreg.inc         ;         ;
; altrom.inc                       ; yes             ; Megafunction                 ; c:/intelfpga_lite/17.1/quartus/libraries/megafunctions/altrom.inc            ;         ;
; altram.inc                       ; yes             ; Megafunction                 ; c:/intelfpga_lite/17.1/quartus/libraries/megafunctions/altram.inc            ;         ;
; altdpram.inc                     ; yes             ; Megafunction                 ; c:/intelfpga_lite/17.1/quartus/libraries/megafunctions/altdpram.inc          ;         ;
; db/altsyncram_m0q1.tdf           ; yes             ; Auto-Generated Megafunction  ; C:/Users/mc_gr/Desktop/367/QuartusComputer/db/altsyncram_m0q1.tdf            ;         ;
+----------------------------------+-----------------+------------------------------+------------------------------------------------------------------------------+---------+


+-----------------------------------------------------------+
; Analysis & Synthesis Resource Usage Summary               ;
+---------------------------------------------+-------------+
; Resource                                    ; Usage       ;
+---------------------------------------------+-------------+
; Estimate of Logic utilization (ALMs needed) ; 119         ;
;                                             ;             ;
; Combinational ALUT usage for logic          ; 197         ;
;     -- 7 input functions                    ; 0           ;
;     -- 6 input functions                    ; 27          ;
;     -- 5 input functions                    ; 19          ;
;     -- 4 input functions                    ; 76          ;
;     -- <=3 input functions                  ; 75          ;
;                                             ;             ;
; Dedicated logic registers                   ; 134         ;
;                                             ;             ;
; I/O pins                                    ; 82          ;
; Total MLAB memory bits                      ; 0           ;
; Total block memory bits                     ; 2048        ;
;                                             ;             ;
; Total DSP Blocks                            ; 0           ;
;                                             ;             ;
; Maximum fan-out node                        ; Reset~input ;
; Maximum fan-out                             ; 127         ;
; Total fan-out                               ; 1518        ;
; Average fan-out                             ; 3.02        ;
+---------------------------------------------+-------------+


+------------------------------------------------------------------------------------------------------------------------------------------------------------------------------------------------------------------------------------------------------------------------------------------------------+
; Analysis & Synthesis Resource Utilization by Entity                                                                                                                                                                                                                                                  ;
+-------------------------------------------------+---------------------+---------------------------+-------------------+------------+------+--------------+----------------------------------------------------------------------------------------------------------+-----------------+--------------+
; Compilation Hierarchy Node                      ; Combinational ALUTs ; Dedicated Logic Registers ; Block Memory Bits ; DSP Blocks ; Pins ; Virtual Pins ; Full Hierarchy Name                                                                                      ; Entity Name     ; Library Name ;
+-------------------------------------------------+---------------------+---------------------------+-------------------+------------+------+--------------+----------------------------------------------------------------------------------------------------------+-----------------+--------------+
; |top                                            ; 197 (0)             ; 134 (0)                   ; 2048              ; 0          ; 82   ; 0            ; |top                                                                                                     ; top             ; work         ;
;    |char_decoder:H0|                            ; 7 (7)               ; 0 (0)                     ; 0                 ; 0          ; 0    ; 0            ; |top|char_decoder:H0                                                                                     ; char_decoder    ; work         ;
;    |char_decoder:H1|                            ; 7 (7)               ; 0 (0)                     ; 0                 ; 0          ; 0    ; 0            ; |top|char_decoder:H1                                                                                     ; char_decoder    ; work         ;
;    |char_decoder:H2|                            ; 7 (7)               ; 0 (0)                     ; 0                 ; 0          ; 0    ; 0            ; |top|char_decoder:H2                                                                                     ; char_decoder    ; work         ;
;    |char_decoder:H3|                            ; 7 (7)               ; 0 (0)                     ; 0                 ; 0          ; 0    ; 0            ; |top|char_decoder:H3                                                                                     ; char_decoder    ; work         ;
;    |char_decoder:H4|                            ; 7 (7)               ; 0 (0)                     ; 0                 ; 0          ; 0    ; 0            ; |top|char_decoder:H4                                                                                     ; char_decoder    ; work         ;
;    |char_decoder:H5|                            ; 7 (7)               ; 0 (0)                     ; 0                 ; 0          ; 0    ; 0            ; |top|char_decoder:H5                                                                                     ; char_decoder    ; work         ;
;    |clock_div_prec:CD|                          ; 62 (62)             ; 27 (27)                   ; 0                 ; 0          ; 0    ; 0            ; |top|clock_div_prec:CD                                                                                   ; clock_div_prec  ; work         ;
;    |computer:COMP|                              ; 93 (0)              ; 107 (0)                   ; 2048              ; 0          ; 0    ; 0            ; |top|computer:COMP                                                                                       ; computer        ; work         ;
;       |cpu:CPU_PROC|                            ; 68 (0)              ; 52 (0)                    ; 0                 ; 0          ; 0    ; 0            ; |top|computer:COMP|cpu:CPU_PROC                                                                          ; cpu             ; work         ;
;          |control_unit:CU|                      ; 21 (21)             ; 20 (20)                   ; 0                 ; 0          ; 0    ; 0            ; |top|computer:COMP|cpu:CPU_PROC|control_unit:CU                                                          ; control_unit    ; work         ;
;          |data_path:DP|                         ; 47 (47)             ; 32 (32)                   ; 0                 ; 0          ; 0    ; 0            ; |top|computer:COMP|cpu:CPU_PROC|data_path:DP                                                             ; data_path       ; work         ;
;       |memory:MEMORY_PROC|                      ; 25 (10)             ; 55 (48)                   ; 2048              ; 0          ; 0    ; 0            ; |top|computer:COMP|memory:MEMORY_PROC                                                                    ; memory          ; work         ;
;          |rom_128x8_sync:ROM|                   ; 13 (13)             ; 7 (7)                     ; 0                 ; 0          ; 0    ; 0            ; |top|computer:COMP|memory:MEMORY_PROC|rom_128x8_sync:ROM                                                 ; rom_128x8_sync  ; work         ;
;          |rw_96x8_sync:RW|                      ; 2 (2)               ; 0 (0)                     ; 2048              ; 0          ; 0    ; 0            ; |top|computer:COMP|memory:MEMORY_PROC|rw_96x8_sync:RW                                                    ; rw_96x8_sync    ; work         ;
;             |altsyncram:RW_rtl_0|               ; 0 (0)               ; 0 (0)                     ; 2048              ; 0          ; 0    ; 0            ; |top|computer:COMP|memory:MEMORY_PROC|rw_96x8_sync:RW|altsyncram:RW_rtl_0                                ; altsyncram      ; work         ;
;                |altsyncram_m0q1:auto_generated| ; 0 (0)               ; 0 (0)                     ; 2048              ; 0          ; 0    ; 0            ; |top|computer:COMP|memory:MEMORY_PROC|rw_96x8_sync:RW|altsyncram:RW_rtl_0|altsyncram_m0q1:auto_generated ; altsyncram_m0q1 ; work         ;
+-------------------------------------------------+---------------------+---------------------------+-------------------+------------+------+--------------+----------------------------------------------------------------------------------------------------------+-----------------+--------------+
Note: For table entries with two numbers listed, the numbers in parentheses indicate the number of resources of the given type used by the specific entity alone. The numbers listed outside of parentheses indicate the total resources of the given type used by the specific entity and all of its sub-entities in the hierarchy.


+--------------------------------------------------------------------------------------------------------------------------------------------------------------------------------------------------------------------+
; Analysis & Synthesis RAM Summary                                                                                                                                                                                   ;
+----------------------------------------------------------------------------------------------------------------+------+------------------+--------------+--------------+--------------+--------------+------+------+
; Name                                                                                                           ; Type ; Mode             ; Port A Depth ; Port A Width ; Port B Depth ; Port B Width ; Size ; MIF  ;
+----------------------------------------------------------------------------------------------------------------+------+------------------+--------------+--------------+--------------+--------------+------+------+
; computer:COMP|memory:MEMORY_PROC|rw_96x8_sync:RW|altsyncram:RW_rtl_0|altsyncram_m0q1:auto_generated|ALTSYNCRAM ; AUTO ; Simple Dual Port ; 256          ; 8            ; 256          ; 8            ; 2048 ; None ;
+----------------------------------------------------------------------------------------------------------------+------+------------------+--------------+--------------+--------------+--------------+------+------+


Encoding Type:  One-Hot
+---------------------------------------------------------------------------------------------------------------------------------------------------------------------------------------------------------------------------------------------------------------------------------------------------------------------------------------------------------------------------------------------------------------------------------------------------------------------------------------------------------------------------------------------------------------------------------------------------------------------------------------------------------------------------+
; State Machine - |top|computer:COMP|cpu:CPU_PROC|control_unit:CU|current_state                                                                                                                                                                                                                                                                                                                                                                                                                                                                                                                                                                                             ;
+---------------------------+-----------------------+-----------------------+-----------------------+--------------------------+---------------------------+---------------------------+---------------------------+---------------------------+---------------------------+---------------------------+---------------------------+---------------------------+---------------------------+---------------------------+---------------------------+---------------------------+---------------------------+---------------------------+---------------------------+--------------------------+-------------------------+-------------------------+-------------------------+
; Name                      ; current_state.S_BRA_6 ; current_state.S_BRA_5 ; current_state.S_BRA_4 ; current_state.S_ADD_AB_4 ; current_state.S_LDB_IMM_6 ; current_state.S_LDB_IMM_5 ; current_state.S_LDB_IMM_4 ; current_state.S_STA_DIR_7 ; current_state.S_STA_DIR_6 ; current_state.S_STA_DIR_5 ; current_state.S_STA_DIR_4 ; current_state.S_LDA_DIR_8 ; current_state.S_LDA_DIR_7 ; current_state.S_LDA_DIR_6 ; current_state.S_LDA_DIR_5 ; current_state.S_LDA_DIR_4 ; current_state.S_LDA_IMM_6 ; current_state.S_LDA_IMM_5 ; current_state.S_LDA_IMM_4 ; current_state.S_DECODE_3 ; current_state.S_FETCH_2 ; current_state.S_FETCH_1 ; current_state.S_FETCH_0 ;
+---------------------------+-----------------------+-----------------------+-----------------------+--------------------------+---------------------------+---------------------------+---------------------------+---------------------------+---------------------------+---------------------------+---------------------------+---------------------------+---------------------------+---------------------------+---------------------------+---------------------------+---------------------------+---------------------------+---------------------------+--------------------------+-------------------------+-------------------------+-------------------------+
; current_state.S_FETCH_0   ; 0                     ; 0                     ; 0                     ; 0                        ; 0                         ; 0                         ; 0                         ; 0                         ; 0                         ; 0                         ; 0                         ; 0                         ; 0                         ; 0                         ; 0                         ; 0                         ; 0                         ; 0                         ; 0                         ; 0                        ; 0                       ; 0                       ; 0                       ;
; current_state.S_FETCH_1   ; 0                     ; 0                     ; 0                     ; 0                        ; 0                         ; 0                         ; 0                         ; 0                         ; 0                         ; 0                         ; 0                         ; 0                         ; 0                         ; 0                         ; 0                         ; 0                         ; 0                         ; 0                         ; 0                         ; 0                        ; 0                       ; 1                       ; 1                       ;
; current_state.S_FETCH_2   ; 0                     ; 0                     ; 0                     ; 0                        ; 0                         ; 0                         ; 0                         ; 0                         ; 0                         ; 0                         ; 0                         ; 0                         ; 0                         ; 0                         ; 0                         ; 0                         ; 0                         ; 0                         ; 0                         ; 0                        ; 1                       ; 0                       ; 1                       ;
; current_state.S_DECODE_3  ; 0                     ; 0                     ; 0                     ; 0                        ; 0                         ; 0                         ; 0                         ; 0                         ; 0                         ; 0                         ; 0                         ; 0                         ; 0                         ; 0                         ; 0                         ; 0                         ; 0                         ; 0                         ; 0                         ; 1                        ; 0                       ; 0                       ; 1                       ;
; current_state.S_LDA_IMM_4 ; 0                     ; 0                     ; 0                     ; 0                        ; 0                         ; 0                         ; 0                         ; 0                         ; 0                         ; 0                         ; 0                         ; 0                         ; 0                         ; 0                         ; 0                         ; 0                         ; 0                         ; 0                         ; 1                         ; 0                        ; 0                       ; 0                       ; 1                       ;
; current_state.S_LDA_IMM_5 ; 0                     ; 0                     ; 0                     ; 0                        ; 0                         ; 0                         ; 0                         ; 0                         ; 0                         ; 0                         ; 0                         ; 0                         ; 0                         ; 0                         ; 0                         ; 0                         ; 0                         ; 1                         ; 0                         ; 0                        ; 0                       ; 0                       ; 1                       ;
; current_state.S_LDA_IMM_6 ; 0                     ; 0                     ; 0                     ; 0                        ; 0                         ; 0                         ; 0                         ; 0                         ; 0                         ; 0                         ; 0                         ; 0                         ; 0                         ; 0                         ; 0                         ; 0                         ; 1                         ; 0                         ; 0                         ; 0                        ; 0                       ; 0                       ; 1                       ;
; current_state.S_LDA_DIR_4 ; 0                     ; 0                     ; 0                     ; 0                        ; 0                         ; 0                         ; 0                         ; 0                         ; 0                         ; 0                         ; 0                         ; 0                         ; 0                         ; 0                         ; 0                         ; 1                         ; 0                         ; 0                         ; 0                         ; 0                        ; 0                       ; 0                       ; 1                       ;
; current_state.S_LDA_DIR_5 ; 0                     ; 0                     ; 0                     ; 0                        ; 0                         ; 0                         ; 0                         ; 0                         ; 0                         ; 0                         ; 0                         ; 0                         ; 0                         ; 0                         ; 1                         ; 0                         ; 0                         ; 0                         ; 0                         ; 0                        ; 0                       ; 0                       ; 1                       ;
; current_state.S_LDA_DIR_6 ; 0                     ; 0                     ; 0                     ; 0                        ; 0                         ; 0                         ; 0                         ; 0                         ; 0                         ; 0                         ; 0                         ; 0                         ; 0                         ; 1                         ; 0                         ; 0                         ; 0                         ; 0                         ; 0                         ; 0                        ; 0                       ; 0                       ; 1                       ;
; current_state.S_LDA_DIR_7 ; 0                     ; 0                     ; 0                     ; 0                        ; 0                         ; 0                         ; 0                         ; 0                         ; 0                         ; 0                         ; 0                         ; 0                         ; 1                         ; 0                         ; 0                         ; 0                         ; 0                         ; 0                         ; 0                         ; 0                        ; 0                       ; 0                       ; 1                       ;
; current_state.S_LDA_DIR_8 ; 0                     ; 0                     ; 0                     ; 0                        ; 0                         ; 0                         ; 0                         ; 0                         ; 0                         ; 0                         ; 0                         ; 1                         ; 0                         ; 0                         ; 0                         ; 0                         ; 0                         ; 0                         ; 0                         ; 0                        ; 0                       ; 0                       ; 1                       ;
; current_state.S_STA_DIR_4 ; 0                     ; 0                     ; 0                     ; 0                        ; 0                         ; 0                         ; 0                         ; 0                         ; 0                         ; 0                         ; 1                         ; 0                         ; 0                         ; 0                         ; 0                         ; 0                         ; 0                         ; 0                         ; 0                         ; 0                        ; 0                       ; 0                       ; 1                       ;
; current_state.S_STA_DIR_5 ; 0                     ; 0                     ; 0                     ; 0                        ; 0                         ; 0                         ; 0                         ; 0                         ; 0                         ; 1                         ; 0                         ; 0                         ; 0                         ; 0                         ; 0                         ; 0                         ; 0                         ; 0                         ; 0                         ; 0                        ; 0                       ; 0                       ; 1                       ;
; current_state.S_STA_DIR_6 ; 0                     ; 0                     ; 0                     ; 0                        ; 0                         ; 0                         ; 0                         ; 0                         ; 1                         ; 0                         ; 0                         ; 0                         ; 0                         ; 0                         ; 0                         ; 0                         ; 0                         ; 0                         ; 0                         ; 0                        ; 0                       ; 0                       ; 1                       ;
; current_state.S_STA_DIR_7 ; 0                     ; 0                     ; 0                     ; 0                        ; 0                         ; 0                         ; 0                         ; 1                         ; 0                         ; 0                         ; 0                         ; 0                         ; 0                         ; 0                         ; 0                         ; 0                         ; 0                         ; 0                         ; 0                         ; 0                        ; 0                       ; 0                       ; 1                       ;
; current_state.S_LDB_IMM_4 ; 0                     ; 0                     ; 0                     ; 0                        ; 0                         ; 0                         ; 1                         ; 0                         ; 0                         ; 0                         ; 0                         ; 0                         ; 0                         ; 0                         ; 0                         ; 0                         ; 0                         ; 0                         ; 0                         ; 0                        ; 0                       ; 0                       ; 1                       ;
; current_state.S_LDB_IMM_5 ; 0                     ; 0                     ; 0                     ; 0                        ; 0                         ; 1                         ; 0                         ; 0                         ; 0                         ; 0                         ; 0                         ; 0                         ; 0                         ; 0                         ; 0                         ; 0                         ; 0                         ; 0                         ; 0                         ; 0                        ; 0                       ; 0                       ; 1                       ;
; current_state.S_LDB_IMM_6 ; 0                     ; 0                     ; 0                     ; 0                        ; 1                         ; 0                         ; 0                         ; 0                         ; 0                         ; 0                         ; 0                         ; 0                         ; 0                         ; 0                         ; 0                         ; 0                         ; 0                         ; 0                         ; 0                         ; 0                        ; 0                       ; 0                       ; 1                       ;
; current_state.S_ADD_AB_4  ; 0                     ; 0                     ; 0                     ; 1                        ; 0                         ; 0                         ; 0                         ; 0                         ; 0                         ; 0                         ; 0                         ; 0                         ; 0                         ; 0                         ; 0                         ; 0                         ; 0                         ; 0                         ; 0                         ; 0                        ; 0                       ; 0                       ; 1                       ;
; current_state.S_BRA_4     ; 0                     ; 0                     ; 1                     ; 0                        ; 0                         ; 0                         ; 0                         ; 0                         ; 0                         ; 0                         ; 0                         ; 0                         ; 0                         ; 0                         ; 0                         ; 0                         ; 0                         ; 0                         ; 0                         ; 0                        ; 0                       ; 0                       ; 1                       ;
; current_state.S_BRA_5     ; 0                     ; 1                     ; 0                     ; 0                        ; 0                         ; 0                         ; 0                         ; 0                         ; 0                         ; 0                         ; 0                         ; 0                         ; 0                         ; 0                         ; 0                         ; 0                         ; 0                         ; 0                         ; 0                         ; 0                        ; 0                       ; 0                       ; 1                       ;
; current_state.S_BRA_6     ; 1                     ; 0                     ; 0                     ; 0                        ; 0                         ; 0                         ; 0                         ; 0                         ; 0                         ; 0                         ; 0                         ; 0                         ; 0                         ; 0                         ; 0                         ; 0                         ; 0                         ; 0                         ; 0                         ; 0                        ; 0                       ; 0                       ; 1                       ;
+---------------------------+-----------------------+-----------------------+-----------------------+--------------------------+---------------------------+---------------------------+---------------------------+---------------------------+---------------------------+---------------------------+---------------------------+---------------------------+---------------------------+---------------------------+---------------------------+---------------------------+---------------------------+---------------------------+---------------------------+--------------------------+-------------------------+-------------------------+-------------------------+


+--------------------------------------------------------------------------------------------------------------------+
; Registers Removed During Synthesis                                                                                 ;
+----------------------------------------------------------------------+---------------------------------------------+
; Register name                                                        ; Reason for Removal                          ;
+----------------------------------------------------------------------+---------------------------------------------+
; computer:COMP|memory:MEMORY_PROC|rom_128x8_sync:ROM|rom_data_out[3]  ; Stuck at GND due to stuck port data_in      ;
; computer:COMP|cpu:CPU_PROC|data_path:DP|B[0..7]                      ; Stuck at GND due to stuck port clock_enable ;
; computer:COMP|cpu:CPU_PROC|control_unit:CU|current_state.S_LDB_IMM_4 ; Lost fanout                                 ;
; computer:COMP|cpu:CPU_PROC|control_unit:CU|current_state.S_LDB_IMM_5 ; Lost fanout                                 ;
; computer:COMP|cpu:CPU_PROC|control_unit:CU|current_state.S_LDB_IMM_6 ; Lost fanout                                 ;
; Total Number of Removed Registers = 12                               ;                                             ;
+----------------------------------------------------------------------+---------------------------------------------+


+------------------------------------------------------------------------------------------------------------------------------------------------+
; Removed Registers Triggering Further Register Optimizations                                                                                    ;
+---------------------------------------------------------------------+---------------------------+----------------------------------------------+
; Register name                                                       ; Reason for Removal        ; Registers Removed due to This Register       ;
+---------------------------------------------------------------------+---------------------------+----------------------------------------------+
; computer:COMP|memory:MEMORY_PROC|rom_128x8_sync:ROM|rom_data_out[3] ; Stuck at GND              ; computer:COMP|cpu:CPU_PROC|data_path:DP|B[3] ;
;                                                                     ; due to stuck port data_in ;                                              ;
+---------------------------------------------------------------------+---------------------------+----------------------------------------------+


+------------------------------------------------------+
; General Register Statistics                          ;
+----------------------------------------------+-------+
; Statistic                                    ; Value ;
+----------------------------------------------+-------+
; Total registers                              ; 134   ;
; Number of registers using Synchronous Clear  ; 26    ;
; Number of registers using Synchronous Load   ; 8     ;
; Number of registers using Asynchronous Clear ; 126   ;
; Number of registers using Asynchronous Load  ; 0     ;
; Number of registers using Clock Enable       ; 87    ;
; Number of registers using Preset             ; 0     ;
+----------------------------------------------+-------+


+---------------------------------------------------------------------------------------------------------------------------------------+
; Registers Packed Into Inferred Megafunctions                                                                                          ;
+--------------------------------------------------------------------+-----------------------------------------------------------+------+
; Register Name                                                      ; Megafunction                                              ; Type ;
+--------------------------------------------------------------------+-----------------------------------------------------------+------+
; computer:COMP|memory:MEMORY_PROC|rw_96x8_sync:RW|rw_data_out[0..7] ; computer:COMP|memory:MEMORY_PROC|rw_96x8_sync:RW|RW_rtl_0 ; RAM  ;
+--------------------------------------------------------------------+-----------------------------------------------------------+------+


+----------------------------------------------------------------------------------------------------------------------------------------------------------------------+
; Multiplexer Restructuring Statistics (Restructuring Performed)                                                                                                       ;
+--------------------+-----------+---------------+----------------------+------------------------+------------+--------------------------------------------------------+
; Multiplexer Inputs ; Bus Width ; Baseline Area ; Area if Restructured ; Saving if Restructured ; Registered ; Example Multiplexer Output                             ;
+--------------------+-----------+---------------+----------------------+------------------------+------------+--------------------------------------------------------+
; 3:1                ; 8 bits    ; 16 LEs        ; 0 LEs                ; 16 LEs                 ; Yes        ; |top|computer:COMP|cpu:CPU_PROC|data_path:DP|PC_uns[2] ;
; 3:1                ; 2 bits    ; 4 LEs         ; 4 LEs                ; 0 LEs                  ; No         ; |top|clock_div_prec:CD|max_count[3]                    ;
; 8:1                ; 4 bits    ; 20 LEs        ; 16 LEs               ; 4 LEs                  ; No         ; |top|computer:COMP|cpu:CPU_PROC|data_path:DP|Mux8      ;
; 8:1                ; 3 bits    ; 15 LEs        ; 12 LEs               ; 3 LEs                  ; No         ; |top|computer:COMP|cpu:CPU_PROC|data_path:DP|Mux13     ;
+--------------------+-----------+---------------+----------------------+------------------------+------------+--------------------------------------------------------+


+----------------------------------------------------------------------------------------------------------------------------+
; Source assignments for computer:COMP|memory:MEMORY_PROC|rw_96x8_sync:RW|altsyncram:RW_rtl_0|altsyncram_m0q1:auto_generated ;
+---------------------------------+--------------------+------+--------------------------------------------------------------+
; Assignment                      ; Value              ; From ; To                                                           ;
+---------------------------------+--------------------+------+--------------------------------------------------------------+
; OPTIMIZE_POWER_DURING_SYNTHESIS ; NORMAL_COMPILATION ; -    ; -                                                            ;
+---------------------------------+--------------------+------+--------------------------------------------------------------+


+-----------------------------------------------------------------------------------------------------------------------+
; Parameter Settings for Inferred Entity Instance: computer:COMP|memory:MEMORY_PROC|rw_96x8_sync:RW|altsyncram:RW_rtl_0 ;
+------------------------------------+----------------------+-----------------------------------------------------------+
; Parameter Name                     ; Value                ; Type                                                      ;
+------------------------------------+----------------------+-----------------------------------------------------------+
; BYTE_SIZE_BLOCK                    ; 8                    ; Untyped                                                   ;
; AUTO_CARRY_CHAINS                  ; ON                   ; AUTO_CARRY                                                ;
; IGNORE_CARRY_BUFFERS               ; OFF                  ; IGNORE_CARRY                                              ;
; AUTO_CASCADE_CHAINS                ; ON                   ; AUTO_CASCADE                                              ;
; IGNORE_CASCADE_BUFFERS             ; OFF                  ; IGNORE_CASCADE                                            ;
; WIDTH_BYTEENA                      ; 1                    ; Untyped                                                   ;
; OPERATION_MODE                     ; DUAL_PORT            ; Untyped                                                   ;
; WIDTH_A                            ; 8                    ; Untyped                                                   ;
; WIDTHAD_A                          ; 8                    ; Untyped                                                   ;
; NUMWORDS_A                         ; 256                  ; Untyped                                                   ;
; OUTDATA_REG_A                      ; UNREGISTERED         ; Untyped                                                   ;
; ADDRESS_ACLR_A                     ; NONE                 ; Untyped                                                   ;
; OUTDATA_ACLR_A                     ; NONE                 ; Untyped                                                   ;
; WRCONTROL_ACLR_A                   ; NONE                 ; Untyped                                                   ;
; INDATA_ACLR_A                      ; NONE                 ; Untyped                                                   ;
; BYTEENA_ACLR_A                     ; NONE                 ; Untyped                                                   ;
; WIDTH_B                            ; 8                    ; Untyped                                                   ;
; WIDTHAD_B                          ; 8                    ; Untyped                                                   ;
; NUMWORDS_B                         ; 256                  ; Untyped                                                   ;
; INDATA_REG_B                       ; CLOCK1               ; Untyped                                                   ;
; WRCONTROL_WRADDRESS_REG_B          ; CLOCK1               ; Untyped                                                   ;
; RDCONTROL_REG_B                    ; CLOCK0               ; Untyped                                                   ;
; ADDRESS_REG_B                      ; CLOCK0               ; Untyped                                                   ;
; OUTDATA_REG_B                      ; UNREGISTERED         ; Untyped                                                   ;
; BYTEENA_REG_B                      ; CLOCK1               ; Untyped                                                   ;
; INDATA_ACLR_B                      ; NONE                 ; Untyped                                                   ;
; WRCONTROL_ACLR_B                   ; NONE                 ; Untyped                                                   ;
; ADDRESS_ACLR_B                     ; NONE                 ; Untyped                                                   ;
; OUTDATA_ACLR_B                     ; NONE                 ; Untyped                                                   ;
; RDCONTROL_ACLR_B                   ; NONE                 ; Untyped                                                   ;
; BYTEENA_ACLR_B                     ; NONE                 ; Untyped                                                   ;
; WIDTH_BYTEENA_A                    ; 1                    ; Untyped                                                   ;
; WIDTH_BYTEENA_B                    ; 1                    ; Untyped                                                   ;
; RAM_BLOCK_TYPE                     ; AUTO                 ; Untyped                                                   ;
; BYTE_SIZE                          ; 8                    ; Untyped                                                   ;
; READ_DURING_WRITE_MODE_MIXED_PORTS ; OLD_DATA             ; Untyped                                                   ;
; READ_DURING_WRITE_MODE_PORT_A      ; NEW_DATA_NO_NBE_READ ; Untyped                                                   ;
; READ_DURING_WRITE_MODE_PORT_B      ; NEW_DATA_NO_NBE_READ ; Untyped                                                   ;
; INIT_FILE                          ; UNUSED               ; Untyped                                                   ;
; INIT_FILE_LAYOUT                   ; PORT_A               ; Untyped                                                   ;
; MAXIMUM_DEPTH                      ; 0                    ; Untyped                                                   ;
; CLOCK_ENABLE_INPUT_A               ; NORMAL               ; Untyped                                                   ;
; CLOCK_ENABLE_INPUT_B               ; NORMAL               ; Untyped                                                   ;
; CLOCK_ENABLE_OUTPUT_A              ; NORMAL               ; Untyped                                                   ;
; CLOCK_ENABLE_OUTPUT_B              ; NORMAL               ; Untyped                                                   ;
; CLOCK_ENABLE_CORE_A                ; USE_INPUT_CLKEN      ; Untyped                                                   ;
; CLOCK_ENABLE_CORE_B                ; USE_INPUT_CLKEN      ; Untyped                                                   ;
; ENABLE_ECC                         ; FALSE                ; Untyped                                                   ;
; ECC_PIPELINE_STAGE_ENABLED         ; FALSE                ; Untyped                                                   ;
; WIDTH_ECCSTATUS                    ; 3                    ; Untyped                                                   ;
; DEVICE_FAMILY                      ; Cyclone V            ; Untyped                                                   ;
; CBXI_PARAMETER                     ; altsyncram_m0q1      ; Untyped                                                   ;
+------------------------------------+----------------------+-----------------------------------------------------------+
Note: In order to hide this table in the UI and the text report file, please set the "Show Parameter Settings in Synthesis Report" option in "Analysis and Synthesis Settings -> More Settings" to "Off".


+------------------------------------------------------------------------------------------------------------------+
; altsyncram Parameter Settings by Entity Instance                                                                 ;
+-------------------------------------------+----------------------------------------------------------------------+
; Name                                      ; Value                                                                ;
+-------------------------------------------+----------------------------------------------------------------------+
; Number of entity instances                ; 1                                                                    ;
; Entity Instance                           ; computer:COMP|memory:MEMORY_PROC|rw_96x8_sync:RW|altsyncram:RW_rtl_0 ;
;     -- OPERATION_MODE                     ; DUAL_PORT                                                            ;
;     -- WIDTH_A                            ; 8                                                                    ;
;     -- NUMWORDS_A                         ; 256                                                                  ;
;     -- OUTDATA_REG_A                      ; UNREGISTERED                                                         ;
;     -- WIDTH_B                            ; 8                                                                    ;
;     -- NUMWORDS_B                         ; 256                                                                  ;
;     -- ADDRESS_REG_B                      ; CLOCK0                                                               ;
;     -- OUTDATA_REG_B                      ; UNREGISTERED                                                         ;
;     -- RAM_BLOCK_TYPE                     ; AUTO                                                                 ;
;     -- READ_DURING_WRITE_MODE_MIXED_PORTS ; OLD_DATA                                                             ;
+-------------------------------------------+----------------------------------------------------------------------+


+----------------------------------------------------------------------------------------------------------------+
; Port Connectivity Checks: "computer:COMP|cpu:CPU_PROC|data_path:DP|alu:ALU_1"                                  ;
+------+--------+----------+-------------------------------------------------------------------------------------+
; Port ; Type   ; Severity ; Details                                                                             ;
+------+--------+----------+-------------------------------------------------------------------------------------+
; nzvc ; Output ; Info     ; Connected to dangling logic. Logic that only feeds a dangling port will be removed. ;
+------+--------+----------+-------------------------------------------------------------------------------------+


+----------------------------------------------------------------------------------------------------------------------------+
; Port Connectivity Checks: "computer:COMP"                                                                                  ;
+------------------+--------+----------+-------------------------------------------------------------------------------------+
; Port             ; Type   ; Severity ; Details                                                                             ;
+------------------+--------+----------+-------------------------------------------------------------------------------------+
; port_in_01[7..4] ; Input  ; Info     ; Stuck at GND                                                                        ;
; port_out_06      ; Output ; Info     ; Connected to dangling logic. Logic that only feeds a dangling port will be removed. ;
; port_out_07      ; Output ; Info     ; Connected to dangling logic. Logic that only feeds a dangling port will be removed. ;
; port_out_08      ; Output ; Info     ; Connected to dangling logic. Logic that only feeds a dangling port will be removed. ;
; port_out_09      ; Output ; Info     ; Connected to dangling logic. Logic that only feeds a dangling port will be removed. ;
; port_out_10      ; Output ; Info     ; Connected to dangling logic. Logic that only feeds a dangling port will be removed. ;
; port_out_11      ; Output ; Info     ; Connected to dangling logic. Logic that only feeds a dangling port will be removed. ;
; port_out_12      ; Output ; Info     ; Connected to dangling logic. Logic that only feeds a dangling port will be removed. ;
; port_out_13      ; Output ; Info     ; Connected to dangling logic. Logic that only feeds a dangling port will be removed. ;
; port_out_14      ; Output ; Info     ; Connected to dangling logic. Logic that only feeds a dangling port will be removed. ;
; port_out_15      ; Output ; Info     ; Connected to dangling logic. Logic that only feeds a dangling port will be removed. ;
+------------------+--------+----------+-------------------------------------------------------------------------------------+


+----------------------------------------------------------------------------------------------------------------+
; Port Connectivity Checks: "clock_div_prec:CD|Dflipflop:D37"                                                    ;
+------+--------+----------+-------------------------------------------------------------------------------------+
; Port ; Type   ; Severity ; Details                                                                             ;
+------+--------+----------+-------------------------------------------------------------------------------------+
; qn   ; Output ; Info     ; Connected to dangling logic. Logic that only feeds a dangling port will be removed. ;
+------+--------+----------+-------------------------------------------------------------------------------------+


+-----------------------------------------------------+
; Post-Synthesis Netlist Statistics for Top Partition ;
+-----------------------+-----------------------------+
; Type                  ; Count                       ;
+-----------------------+-----------------------------+
; arriav_ff             ; 134                         ;
;     CLR               ; 20                          ;
;     CLR SCLR          ; 26                          ;
;     ENA               ; 7                           ;
;     ENA CLR           ; 72                          ;
;     ENA CLR SLD       ; 8                           ;
;     plain             ; 1                           ;
; arriav_lcell_comb     ; 203                         ;
;     arith             ; 60                          ;
;         0 data inputs ; 1                           ;
;         1 data inputs ; 38                          ;
;         2 data inputs ; 7                           ;
;         3 data inputs ; 14                          ;
;     normal            ; 143                         ;
;         1 data inputs ; 7                           ;
;         2 data inputs ; 4                           ;
;         3 data inputs ; 10                          ;
;         4 data inputs ; 76                          ;
;         5 data inputs ; 19                          ;
;         6 data inputs ; 27                          ;
; boundary_port         ; 82                          ;
; stratixv_ram_block    ; 8                           ;
;                       ;                             ;
; Max LUT depth         ; 5.30                        ;
; Average LUT depth     ; 2.70                        ;
+-----------------------+-----------------------------+


+-------------------------------+
; Elapsed Time Per Partition    ;
+----------------+--------------+
; Partition Name ; Elapsed Time ;
+----------------+--------------+
; Top            ; 00:00:01     ;
+----------------+--------------+


+-------------------------------+
; Analysis & Synthesis Messages ;
+-------------------------------+
Info: *******************************************************************
Info: Running Quartus Prime Analysis & Synthesis
    Info: Version 17.1.1 Internal Build 593 12/11/2017 SJ Lite Edition
    Info: Processing started: Wed Apr 25 19:57:07 2018
Info: Command: quartus_map --read_settings_files=on --write_settings_files=off top -c top
Warning (18236): Number of processors has not been specified which may cause overloading on shared machines.  Set the global assignment NUM_PARALLEL_PROCESSORS in your QSF to an appropriate value for best performance.
Info (20030): Parallel compilation is enabled and will use 2 of the 2 processors detected
Info (12021): Found 2 design units, including 1 entities, in source file /users/mc_gr/desktop/367/13.1computer/alu.vhd
    Info (12022): Found design unit 1: alu-alu_arch File: C:/Users/mc_gr/Desktop/367/13.1Computer/alu.vhd Line: 15
    Info (12023): Found entity 1: alu File: C:/Users/mc_gr/Desktop/367/13.1Computer/alu.vhd Line: 5
Info (12021): Found 2 design units, including 1 entities, in source file top.vhd
    Info (12022): Found design unit 1: top-top_arch File: C:/Users/mc_gr/Desktop/367/QuartusComputer/top.vhd Line: 23
    Info (12023): Found entity 1: top File: C:/Users/mc_gr/Desktop/367/QuartusComputer/top.vhd Line: 6
Info (12021): Found 2 design units, including 1 entities, in source file computer.vhd
    Info (12022): Found design unit 1: computer-computer_arch File: C:/Users/mc_gr/Desktop/367/QuartusComputer/computer.vhd Line: 41
    Info (12023): Found entity 1: computer File: C:/Users/mc_gr/Desktop/367/QuartusComputer/computer.vhd Line: 4
Info (12021): Found 2 design units, including 1 entities, in source file rw_96x8_sync.vhd
    Info (12022): Found design unit 1: rw_96x8_sync-rw_96x8_sync_arch File: C:/Users/mc_gr/Desktop/367/QuartusComputer/rw_96x8_sync.vhd Line: 15
    Info (12023): Found entity 1: rw_96x8_sync File: C:/Users/mc_gr/Desktop/367/QuartusComputer/rw_96x8_sync.vhd Line: 5
Info (12021): Found 2 design units, including 1 entities, in source file rom_128x8_sync.vhd
    Info (12022): Found design unit 1: rom_128x8_sync-rom_128x8_sync_arch File: C:/Users/mc_gr/Desktop/367/QuartusComputer/rom_128x8_sync.vhd Line: 13
    Info (12023): Found entity 1: rom_128x8_sync File: C:/Users/mc_gr/Desktop/367/QuartusComputer/rom_128x8_sync.vhd Line: 5
Info (12021): Found 2 design units, including 1 entities, in source file memory.vhd
    Info (12022): Found design unit 1: memory-memory_arch File: C:/Users/mc_gr/Desktop/367/QuartusComputer/memory.vhd Line: 47
    Info (12023): Found entity 1: memory File: C:/Users/mc_gr/Desktop/367/QuartusComputer/memory.vhd Line: 5
Info (12021): Found 2 design units, including 1 entities, in source file data_path.vhd
    Info (12022): Found design unit 1: data_path-data_path_arch File: C:/Users/mc_gr/Desktop/367/QuartusComputer/data_path.vhd Line: 27
    Info (12023): Found entity 1: data_path File: C:/Users/mc_gr/Desktop/367/QuartusComputer/data_path.vhd Line: 5
Info (12021): Found 2 design units, including 1 entities, in source file cpu.vhd
    Info (12022): Found design unit 1: cpu-cpu_arch File: C:/Users/mc_gr/Desktop/367/QuartusComputer/cpu.vhd Line: 14
    Info (12023): Found entity 1: cpu File: C:/Users/mc_gr/Desktop/367/QuartusComputer/cpu.vhd Line: 5
Info (12021): Found 2 design units, including 1 entities, in source file control_unit.vhd
    Info (12022): Found design unit 1: control_unit-control_unit_arch File: C:/Users/mc_gr/Desktop/367/QuartusComputer/control_unit.vhd Line: 27
    Info (12023): Found entity 1: control_unit File: C:/Users/mc_gr/Desktop/367/QuartusComputer/control_unit.vhd Line: 7
Info (12021): Found 2 design units, including 1 entities, in source file computer_tb.vhd
    Info (12022): Found design unit 1: computer_TB-computer_TB_arch File: C:/Users/mc_gr/Desktop/367/QuartusComputer/computer_TB.vhd Line: 21
    Info (12023): Found entity 1: computer_TB File: C:/Users/mc_gr/Desktop/367/QuartusComputer/computer_TB.vhd Line: 18
Info (15248): File "C:/Users/mc_gr/Desktop/367/QuartusComputer/alu.vhd" is a duplicate of already analyzed file "C:/Users/mc_gr/Desktop/367/13.1Computer/alu.vhd" (same filename, same library name and same md5 digest). Skipping analysis of this file.
Info (12021): Found 0 design units, including 0 entities, in source file alu.vhd
Info (12021): Found 2 design units, including 1 entities, in source file clock_div_prec.vhd
    Info (12022): Found design unit 1: clock_div_prec-clock_div_prec_arch File: C:/Users/mc_gr/Desktop/367/QuartusComputer/clock_div_prec.vhd Line: 12
    Info (12023): Found entity 1: clock_div_prec File: C:/Users/mc_gr/Desktop/367/QuartusComputer/clock_div_prec.vhd Line: 5
Info (12021): Found 2 design units, including 1 entities, in source file char_decoder.vhd
    Info (12022): Found design unit 1: char_decoder-char_decoder_arch File: C:/Users/mc_gr/Desktop/367/QuartusComputer/char_decoder.vhd Line: 10
    Info (12023): Found entity 1: char_decoder File: C:/Users/mc_gr/Desktop/367/QuartusComputer/char_decoder.vhd Line: 4
Info (12021): Found 2 design units, including 1 entities, in source file dflipflop.vhd
    Info (12022): Found design unit 1: Dflipflop-Dflipflop_arch File: C:/Users/mc_gr/Desktop/367/QuartusComputer/dflipflop.vhd Line: 11
    Info (12023): Found entity 1: Dflipflop File: C:/Users/mc_gr/Desktop/367/QuartusComputer/dflipflop.vhd Line: 4
Info (12127): Elaborating entity "top" for the top level hierarchy
Warning (10541): VHDL Signal Declaration warning at top.vhd(76): used implicit default value for signal "port_in_02" because signal was never assigned a value or an explicit default value. Use of implicit default value may introduce unintended design optimizations. File: C:/Users/mc_gr/Desktop/367/QuartusComputer/top.vhd Line: 76
Warning (10541): VHDL Signal Declaration warning at top.vhd(77): used implicit default value for signal "port_in_03" because signal was never assigned a value or an explicit default value. Use of implicit default value may introduce unintended design optimizations. File: C:/Users/mc_gr/Desktop/367/QuartusComputer/top.vhd Line: 77
Warning (10541): VHDL Signal Declaration warning at top.vhd(78): used implicit default value for signal "port_in_04" because signal was never assigned a value or an explicit default value. Use of implicit default value may introduce unintended design optimizations. File: C:/Users/mc_gr/Desktop/367/QuartusComputer/top.vhd Line: 78
Warning (10541): VHDL Signal Declaration warning at top.vhd(79): used implicit default value for signal "port_in_05" because signal was never assigned a value or an explicit default value. Use of implicit default value may introduce unintended design optimizations. File: C:/Users/mc_gr/Desktop/367/QuartusComputer/top.vhd Line: 79
Warning (10541): VHDL Signal Declaration warning at top.vhd(80): used implicit default value for signal "port_in_06" because signal was never assigned a value or an explicit default value. Use of implicit default value may introduce unintended design optimizations. File: C:/Users/mc_gr/Desktop/367/QuartusComputer/top.vhd Line: 80
Warning (10541): VHDL Signal Declaration warning at top.vhd(81): used implicit default value for signal "port_in_07" because signal was never assigned a value or an explicit default value. Use of implicit default value may introduce unintended design optimizations. File: C:/Users/mc_gr/Desktop/367/QuartusComputer/top.vhd Line: 81
Warning (10541): VHDL Signal Declaration warning at top.vhd(82): used implicit default value for signal "port_in_08" because signal was never assigned a value or an explicit default value. Use of implicit default value may introduce unintended design optimizations. File: C:/Users/mc_gr/Desktop/367/QuartusComputer/top.vhd Line: 82
Warning (10541): VHDL Signal Declaration warning at top.vhd(83): used implicit default value for signal "port_in_09" because signal was never assigned a value or an explicit default value. Use of implicit default value may introduce unintended design optimizations. File: C:/Users/mc_gr/Desktop/367/QuartusComputer/top.vhd Line: 83
Warning (10541): VHDL Signal Declaration warning at top.vhd(84): used implicit default value for signal "port_in_10" because signal was never assigned a value or an explicit default value. Use of implicit default value may introduce unintended design optimizations. File: C:/Users/mc_gr/Desktop/367/QuartusComputer/top.vhd Line: 84
Warning (10541): VHDL Signal Declaration warning at top.vhd(85): used implicit default value for signal "port_in_11" because signal was never assigned a value or an explicit default value. Use of implicit default value may introduce unintended design optimizations. File: C:/Users/mc_gr/Desktop/367/QuartusComputer/top.vhd Line: 85
Warning (10541): VHDL Signal Declaration warning at top.vhd(86): used implicit default value for signal "port_in_12" because signal was never assigned a value or an explicit default value. Use of implicit default value may introduce unintended design optimizations. File: C:/Users/mc_gr/Desktop/367/QuartusComputer/top.vhd Line: 86
Warning (10541): VHDL Signal Declaration warning at top.vhd(87): used implicit default value for signal "port_in_13" because signal was never assigned a value or an explicit default value. Use of implicit default value may introduce unintended design optimizations. File: C:/Users/mc_gr/Desktop/367/QuartusComputer/top.vhd Line: 87
Warning (10541): VHDL Signal Declaration warning at top.vhd(88): used implicit default value for signal "port_in_14" because signal was never assigned a value or an explicit default value. Use of implicit default value may introduce unintended design optimizations. File: C:/Users/mc_gr/Desktop/367/QuartusComputer/top.vhd Line: 88
Warning (10541): VHDL Signal Declaration warning at top.vhd(89): used implicit default value for signal "port_in_15" because signal was never assigned a value or an explicit default value. Use of implicit default value may introduce unintended design optimizations. File: C:/Users/mc_gr/Desktop/367/QuartusComputer/top.vhd Line: 89
Warning (10036): Verilog HDL or VHDL warning at top.vhd(98): object "port_out_06" assigned a value but never read File: C:/Users/mc_gr/Desktop/367/QuartusComputer/top.vhd Line: 98
Warning (10036): Verilog HDL or VHDL warning at top.vhd(99): object "port_out_07" assigned a value but never read File: C:/Users/mc_gr/Desktop/367/QuartusComputer/top.vhd Line: 99
Warning (10036): Verilog HDL or VHDL warning at top.vhd(100): object "port_out_08" assigned a value but never read File: C:/Users/mc_gr/Desktop/367/QuartusComputer/top.vhd Line: 100
Warning (10036): Verilog HDL or VHDL warning at top.vhd(101): object "port_out_09" assigned a value but never read File: C:/Users/mc_gr/Desktop/367/QuartusComputer/top.vhd Line: 101
Warning (10036): Verilog HDL or VHDL warning at top.vhd(102): object "port_out_10" assigned a value but never read File: C:/Users/mc_gr/Desktop/367/QuartusComputer/top.vhd Line: 102
Warning (10036): Verilog HDL or VHDL warning at top.vhd(103): object "port_out_11" assigned a value but never read File: C:/Users/mc_gr/Desktop/367/QuartusComputer/top.vhd Line: 103
Warning (10036): Verilog HDL or VHDL warning at top.vhd(104): object "port_out_12" assigned a value but never read File: C:/Users/mc_gr/Desktop/367/QuartusComputer/top.vhd Line: 104
Warning (10036): Verilog HDL or VHDL warning at top.vhd(105): object "port_out_13" assigned a value but never read File: C:/Users/mc_gr/Desktop/367/QuartusComputer/top.vhd Line: 105
Warning (10036): Verilog HDL or VHDL warning at top.vhd(106): object "port_out_14" assigned a value but never read File: C:/Users/mc_gr/Desktop/367/QuartusComputer/top.vhd Line: 106
Warning (10036): Verilog HDL or VHDL warning at top.vhd(107): object "port_out_15" assigned a value but never read File: C:/Users/mc_gr/Desktop/367/QuartusComputer/top.vhd Line: 107
Info (12128): Elaborating entity "char_decoder" for hierarchy "char_decoder:H0" File: C:/Users/mc_gr/Desktop/367/QuartusComputer/top.vhd Line: 118
Info (12128): Elaborating entity "clock_div_prec" for hierarchy "clock_div_prec:CD" File: C:/Users/mc_gr/Desktop/367/QuartusComputer/top.vhd Line: 130
Warning (10492): VHDL Process Statement warning at clock_div_prec.vhd(79): signal "Sel" is read inside the Process Statement but isn't in the Process Statement's sensitivity list File: C:/Users/mc_gr/Desktop/367/QuartusComputer/clock_div_prec.vhd Line: 79
Warning (10492): VHDL Process Statement warning at clock_div_prec.vhd(81): signal "Sel" is read inside the Process Statement but isn't in the Process Statement's sensitivity list File: C:/Users/mc_gr/Desktop/367/QuartusComputer/clock_div_prec.vhd Line: 81
Warning (10492): VHDL Process Statement warning at clock_div_prec.vhd(83): signal "Sel" is read inside the Process Statement but isn't in the Process Statement's sensitivity list File: C:/Users/mc_gr/Desktop/367/QuartusComputer/clock_div_prec.vhd Line: 83
Warning (10492): VHDL Process Statement warning at clock_div_prec.vhd(85): signal "Sel" is read inside the Process Statement but isn't in the Process Statement's sensitivity list File: C:/Users/mc_gr/Desktop/367/QuartusComputer/clock_div_prec.vhd Line: 85
Warning (10492): VHDL Process Statement warning at clock_div_prec.vhd(96): signal "max_count" is read inside the Process Statement but isn't in the Process Statement's sensitivity list File: C:/Users/mc_gr/Desktop/367/QuartusComputer/clock_div_prec.vhd Line: 96
Warning (10492): VHDL Process Statement warning at clock_div_prec.vhd(96): signal "Count" is read inside the Process Statement but isn't in the Process Statement's sensitivity list File: C:/Users/mc_gr/Desktop/367/QuartusComputer/clock_div_prec.vhd Line: 96
Info (12128): Elaborating entity "Dflipflop" for hierarchy "clock_div_prec:CD|Dflipflop:D0" File: C:/Users/mc_gr/Desktop/367/QuartusComputer/clock_div_prec.vhd Line: 33
Info (12128): Elaborating entity "computer" for hierarchy "computer:COMP" File: C:/Users/mc_gr/Desktop/367/QuartusComputer/top.vhd Line: 134
Info (12128): Elaborating entity "cpu" for hierarchy "computer:COMP|cpu:CPU_PROC" File: C:/Users/mc_gr/Desktop/367/QuartusComputer/computer.vhd Line: 104
Info (12128): Elaborating entity "control_unit" for hierarchy "computer:COMP|cpu:CPU_PROC|control_unit:CU" File: C:/Users/mc_gr/Desktop/367/QuartusComputer/cpu.vhd Line: 73
Info (12128): Elaborating entity "data_path" for hierarchy "computer:COMP|cpu:CPU_PROC|data_path:DP" File: C:/Users/mc_gr/Desktop/367/QuartusComputer/cpu.vhd Line: 89
Warning (10036): Verilog HDL or VHDL warning at data_path.vhd(35): object "CCR" assigned a value but never read File: C:/Users/mc_gr/Desktop/367/QuartusComputer/data_path.vhd Line: 35
Warning (10541): VHDL Signal Declaration warning at data_path.vhd(38): used implicit default value for signal "NZVC" because signal was never assigned a value or an explicit default value. Use of implicit default value may introduce unintended design optimizations. File: C:/Users/mc_gr/Desktop/367/QuartusComputer/data_path.vhd Line: 38
Warning (10631): VHDL Process Statement warning at data_path.vhd(155): inferring latch(es) for signal or variable "CCR_Result", which holds its previous value in one or more paths through the process File: C:/Users/mc_gr/Desktop/367/QuartusComputer/data_path.vhd Line: 155
Info (10041): Inferred latch for "CCR_Result[0]" at data_path.vhd(155) File: C:/Users/mc_gr/Desktop/367/QuartusComputer/data_path.vhd Line: 155
Info (10041): Inferred latch for "CCR_Result[1]" at data_path.vhd(155) File: C:/Users/mc_gr/Desktop/367/QuartusComputer/data_path.vhd Line: 155
Info (10041): Inferred latch for "CCR_Result[2]" at data_path.vhd(155) File: C:/Users/mc_gr/Desktop/367/QuartusComputer/data_path.vhd Line: 155
Info (10041): Inferred latch for "CCR_Result[3]" at data_path.vhd(155) File: C:/Users/mc_gr/Desktop/367/QuartusComputer/data_path.vhd Line: 155
Info (12128): Elaborating entity "alu" for hierarchy "computer:COMP|cpu:CPU_PROC|data_path:DP|alu:ALU_1" File: C:/Users/mc_gr/Desktop/367/QuartusComputer/data_path.vhd Line: 171
Warning (10631): VHDL Process Statement warning at alu.vhd(20): inferring latch(es) for signal or variable "ALU_Result", which holds its previous value in one or more paths through the process File: C:/Users/mc_gr/Desktop/367/13.1Computer/alu.vhd Line: 20
Warning (10631): VHDL Process Statement warning at alu.vhd(20): inferring latch(es) for signal or variable "NZVC", which holds its previous value in one or more paths through the process File: C:/Users/mc_gr/Desktop/367/13.1Computer/alu.vhd Line: 20
Info (10041): Inferred latch for "NZVC[0]" at alu.vhd(20) File: C:/Users/mc_gr/Desktop/367/13.1Computer/alu.vhd Line: 20
Info (10041): Inferred latch for "NZVC[1]" at alu.vhd(20) File: C:/Users/mc_gr/Desktop/367/13.1Computer/alu.vhd Line: 20
Info (10041): Inferred latch for "NZVC[2]" at alu.vhd(20) File: C:/Users/mc_gr/Desktop/367/13.1Computer/alu.vhd Line: 20
Info (10041): Inferred latch for "NZVC[3]" at alu.vhd(20) File: C:/Users/mc_gr/Desktop/367/13.1Computer/alu.vhd Line: 20
Info (10041): Inferred latch for "ALU_Result[0]" at alu.vhd(20) File: C:/Users/mc_gr/Desktop/367/13.1Computer/alu.vhd Line: 20
Info (10041): Inferred latch for "ALU_Result[1]" at alu.vhd(20) File: C:/Users/mc_gr/Desktop/367/13.1Computer/alu.vhd Line: 20
Info (10041): Inferred latch for "ALU_Result[2]" at alu.vhd(20) File: C:/Users/mc_gr/Desktop/367/13.1Computer/alu.vhd Line: 20
Info (10041): Inferred latch for "ALU_Result[3]" at alu.vhd(20) File: C:/Users/mc_gr/Desktop/367/13.1Computer/alu.vhd Line: 20
Info (10041): Inferred latch for "ALU_Result[4]" at alu.vhd(20) File: C:/Users/mc_gr/Desktop/367/13.1Computer/alu.vhd Line: 20
Info (10041): Inferred latch for "ALU_Result[5]" at alu.vhd(20) File: C:/Users/mc_gr/Desktop/367/13.1Computer/alu.vhd Line: 20
Info (10041): Inferred latch for "ALU_Result[6]" at alu.vhd(20) File: C:/Users/mc_gr/Desktop/367/13.1Computer/alu.vhd Line: 20
Info (10041): Inferred latch for "ALU_Result[7]" at alu.vhd(20) File: C:/Users/mc_gr/Desktop/367/13.1Computer/alu.vhd Line: 20
Info (12128): Elaborating entity "memory" for hierarchy "computer:COMP|memory:MEMORY_PROC" File: C:/Users/mc_gr/Desktop/367/QuartusComputer/computer.vhd Line: 106
Info (12128): Elaborating entity "rom_128x8_sync" for hierarchy "computer:COMP|memory:MEMORY_PROC|rom_128x8_sync:ROM" File: C:/Users/mc_gr/Desktop/367/QuartusComputer/memory.vhd Line: 325
Info (12128): Elaborating entity "rw_96x8_sync" for hierarchy "computer:COMP|memory:MEMORY_PROC|rw_96x8_sync:RW" File: C:/Users/mc_gr/Desktop/367/QuartusComputer/memory.vhd Line: 329
Warning (14026): LATCH primitive "computer:COMP|cpu:CPU_PROC|data_path:DP|alu:ALU_1|ALU_Result[0]" is permanently enabled File: C:/Users/mc_gr/Desktop/367/13.1Computer/alu.vhd Line: 20
Warning (14026): LATCH primitive "computer:COMP|cpu:CPU_PROC|data_path:DP|alu:ALU_1|ALU_Result[1]" is permanently enabled File: C:/Users/mc_gr/Desktop/367/13.1Computer/alu.vhd Line: 20
Warning (14026): LATCH primitive "computer:COMP|cpu:CPU_PROC|data_path:DP|alu:ALU_1|ALU_Result[2]" is permanently enabled File: C:/Users/mc_gr/Desktop/367/13.1Computer/alu.vhd Line: 20
Warning (14026): LATCH primitive "computer:COMP|cpu:CPU_PROC|data_path:DP|alu:ALU_1|ALU_Result[3]" is permanently enabled File: C:/Users/mc_gr/Desktop/367/13.1Computer/alu.vhd Line: 20
Warning (14026): LATCH primitive "computer:COMP|cpu:CPU_PROC|data_path:DP|alu:ALU_1|ALU_Result[4]" is permanently enabled File: C:/Users/mc_gr/Desktop/367/13.1Computer/alu.vhd Line: 20
Warning (14026): LATCH primitive "computer:COMP|cpu:CPU_PROC|data_path:DP|alu:ALU_1|ALU_Result[5]" is permanently enabled File: C:/Users/mc_gr/Desktop/367/13.1Computer/alu.vhd Line: 20
Warning (14026): LATCH primitive "computer:COMP|cpu:CPU_PROC|data_path:DP|alu:ALU_1|ALU_Result[6]" is permanently enabled File: C:/Users/mc_gr/Desktop/367/13.1Computer/alu.vhd Line: 20
Warning (14026): LATCH primitive "computer:COMP|cpu:CPU_PROC|data_path:DP|alu:ALU_1|ALU_Result[7]" is permanently enabled File: C:/Users/mc_gr/Desktop/367/13.1Computer/alu.vhd Line: 20
Info (19000): Inferred 1 megafunctions from design logic
    Info (276029): Inferred altsyncram megafunction from the following design logic: "computer:COMP|memory:MEMORY_PROC|rw_96x8_sync:RW|RW_rtl_0" 
        Info (286033): Parameter OPERATION_MODE set to DUAL_PORT
        Info (286033): Parameter WIDTH_A set to 8
        Info (286033): Parameter WIDTHAD_A set to 8
        Info (286033): Parameter NUMWORDS_A set to 256
        Info (286033): Parameter WIDTH_B set to 8
        Info (286033): Parameter WIDTHAD_B set to 8
        Info (286033): Parameter NUMWORDS_B set to 256
        Info (286033): Parameter ADDRESS_ACLR_A set to NONE
        Info (286033): Parameter OUTDATA_REG_B set to UNREGISTERED
        Info (286033): Parameter ADDRESS_ACLR_B set to NONE
        Info (286033): Parameter OUTDATA_ACLR_B set to NONE
        Info (286033): Parameter ADDRESS_REG_B set to CLOCK0
        Info (286033): Parameter INDATA_ACLR_A set to NONE
        Info (286033): Parameter WRCONTROL_ACLR_A set to NONE
        Info (286033): Parameter READ_DURING_WRITE_MODE_MIXED_PORTS set to OLD_DATA
        Info (286033): Parameter RDCONTROL_REG_B set to CLOCK0
Info (12130): Elaborated megafunction instantiation "computer:COMP|memory:MEMORY_PROC|rw_96x8_sync:RW|altsyncram:RW_rtl_0"
Info (12133): Instantiated megafunction "computer:COMP|memory:MEMORY_PROC|rw_96x8_sync:RW|altsyncram:RW_rtl_0" with the following parameter:
    Info (12134): Parameter "OPERATION_MODE" = "DUAL_PORT"
    Info (12134): Parameter "WIDTH_A" = "8"
    Info (12134): Parameter "WIDTHAD_A" = "8"
    Info (12134): Parameter "NUMWORDS_A" = "256"
    Info (12134): Parameter "WIDTH_B" = "8"
    Info (12134): Parameter "WIDTHAD_B" = "8"
    Info (12134): Parameter "NUMWORDS_B" = "256"
    Info (12134): Parameter "ADDRESS_ACLR_A" = "NONE"
    Info (12134): Parameter "OUTDATA_REG_B" = "UNREGISTERED"
    Info (12134): Parameter "ADDRESS_ACLR_B" = "NONE"
    Info (12134): Parameter "OUTDATA_ACLR_B" = "NONE"
    Info (12134): Parameter "ADDRESS_REG_B" = "CLOCK0"
    Info (12134): Parameter "INDATA_ACLR_A" = "NONE"
    Info (12134): Parameter "WRCONTROL_ACLR_A" = "NONE"
    Info (12134): Parameter "READ_DURING_WRITE_MODE_MIXED_PORTS" = "OLD_DATA"
    Info (12134): Parameter "RDCONTROL_REG_B" = "CLOCK0"
Info (12021): Found 1 design units, including 1 entities, in source file db/altsyncram_m0q1.tdf
    Info (12023): Found entity 1: altsyncram_m0q1 File: C:/Users/mc_gr/Desktop/367/QuartusComputer/db/altsyncram_m0q1.tdf Line: 27
Info (286030): Timing-Driven Synthesis is running
Info (17049): 3 registers lost all their fanouts during netlist optimizations.
Info (16010): Generating hard_block partition "hard_block:auto_generated_inst"
    Info (16011): Adding 0 node(s), including 0 DDIO, 0 PLL, 0 transceiver and 0 LCELL
Info (21057): Implemented 372 device resources after synthesis - the final resource count might be different
    Info (21058): Implemented 16 input pins
    Info (21059): Implemented 66 output pins
    Info (21061): Implemented 282 logic cells
    Info (21064): Implemented 8 RAM segments
Info: Quartus Prime Analysis & Synthesis was successful. 0 errors, 44 warnings
    Info: Peak virtual memory: 789 megabytes
    Info: Processing ended: Wed Apr 25 19:57:25 2018
    Info: Elapsed time: 00:00:18
    Info: Total CPU time (on all processors): 00:00:33


